C:\DOCUMENTS AND SETTINGS\ALEX\Рабочий стол\ARKANOID\ARKANOID\DEBUG\.NETFRAMEWORK,VERSION=V4.0.ASSEMBLYATTRIBUTES.OBJ
C:\DOCUMENTS AND SETTINGS\ALEX\Рабочий стол\ARKANOID\ARKANOID\DEBUG\APP.RES
C:\DOCUMENTS AND SETTINGS\ALEX\Рабочий стол\ARKANOID\ARKANOID\DEBUG\ARKANOID.EXE.INTERMEDIATE.MANIFEST
C:\DOCUMENTS AND SETTINGS\ALEX\Рабочий стол\ARKANOID\ARKANOID\DEBUG\ARKANOID.FORM1.RESOURCES
C:\DOCUMENTS AND SETTINGS\ALEX\Рабочий стол\ARKANOID\ARKANOID\DEBUG\ARKANOID.LEVELSELECT.RESOURCES
C:\DOCUMENTS AND SETTINGS\ALEX\Рабочий стол\ARKANOID\ARKANOID\DEBUG\ARKANOID.OBJ
C:\DOCUMENTS AND SETTINGS\ALEX\Рабочий стол\ARKANOID\ARKANOID\DEBUG\ARKANOID.PCH
C:\DOCUMENTS AND SETTINGS\ALEX\Рабочий стол\ARKANOID\ARKANOID\DEBUG\ASSEMBLYINFO.OBJ
C:\DOCUMENTS AND SETTINGS\ALEX\Рабочий стол\ARKANOID\ARKANOID\DEBUG\BALL.OBJ
C:\DOCUMENTS AND SETTINGS\ALEX\Рабочий стол\ARKANOID\ARKANOID\DEBUG\BAT.OBJ
C:\DOCUMENTS AND SETTINGS\ALEX\Рабочий стол\ARKANOID\ARKANOID\DEBUG\BLOCKS.OBJ
C:\DOCUMENTS AND SETTINGS\ALEX\Рабочий стол\ARKANOID\ARKANOID\DEBUG\FIELD.OBJ
C:\DOCUMENTS AND SETTINGS\ALEX\Рабочий стол\ARKANOID\ARKANOID\DEBUG\LEVELSELECT.OBJ
C:\DOCUMENTS AND SETTINGS\ALEX\Рабочий стол\ARKANOID\ARKANOID\DEBUG\STDAFX.OBJ
C:\DOCUMENTS AND SETTINGS\ALEX\РАБОЧИЙ СТОЛ\ARKANOID\ARKANOID\DEBUG\VC100.PDB
C:\DOCUMENTS AND SETTINGS\ALEX\Рабочий стол\ARKANOID\DEBUG\ARKANOID.EXE
C:\DOCUMENTS AND SETTINGS\ALEX\Рабочий стол\ARKANOID\DEBUG\ARKANOID.ILK
C:\DOCUMENTS AND SETTINGS\ALEX\РАБОЧИЙ СТОЛ\ARKANOID\DEBUG\ARKANOID.PDB
C:\Documents and Settings\Alex\Рабочий стол\arkanoid_v4\arkanoid\Debug\.NETFramework,Version=v4.0.AssemblyAttributes.obj
C:\DOCUMENTS AND SETTINGS\ALEX\Рабочий стол\ARKANOID_V4\ARKANOID\DEBUG\APP.RES
C:\DOCUMENTS AND SETTINGS\ALEX\Рабочий стол\ARKANOID_V4\ARKANOID\DEBUG\ARKANOID.EXE.INTERMEDIATE.MANIFEST
C:\DOCUMENTS AND SETTINGS\ALEX\Рабочий стол\ARKANOID_V4\ARKANOID\DEBUG\ARKANOID.FORM1.RESOURCES
C:\DOCUMENTS AND SETTINGS\ALEX\Рабочий стол\ARKANOID_V4\ARKANOID\DEBUG\ARKANOID.FORMRESULT.RESOURCES
C:\DOCUMENTS AND SETTINGS\ALEX\Рабочий стол\ARKANOID_V4\ARKANOID\DEBUG\ARKANOID.LEVELSELECT.RESOURCES
C:\DOCUMENTS AND SETTINGS\ALEX\Рабочий стол\ARKANOID_V4\ARKANOID\DEBUG\ARKANOID.OBJ
C:\DOCUMENTS AND SETTINGS\ALEX\Рабочий стол\ARKANOID_V4\ARKANOID\DEBUG\ARKANOID.PCH
C:\DOCUMENTS AND SETTINGS\ALEX\Рабочий стол\ARKANOID_V4\ARKANOID\DEBUG\ARKANOID.UNAME.RESOURCES
C:\Documents and Settings\Alex\Рабочий стол\arkanoid_v4\arkanoid\Debug\arkanoid.write.1.tlog
C:\DOCUMENTS AND SETTINGS\ALEX\Рабочий стол\ARKANOID_V4\ARKANOID\DEBUG\ASSEMBLYINFO.OBJ
C:\DOCUMENTS AND SETTINGS\ALEX\Рабочий стол\ARKANOID_V4\ARKANOID\DEBUG\BALL.OBJ
C:\DOCUMENTS AND SETTINGS\ALEX\Рабочий стол\ARKANOID_V4\ARKANOID\DEBUG\BAT.OBJ
C:\Documents and Settings\Alex\Рабочий стол\arkanoid_v4\arkanoid\Debug\Blocks.obj
C:\Documents and Settings\Alex\Рабочий стол\arkanoid_v4\arkanoid\Debug\cl.command.1.tlog
C:\Documents and Settings\Alex\Рабочий стол\arkanoid_v4\arkanoid\Debug\CL.read.1.tlog
C:\Documents and Settings\Alex\Рабочий стол\arkanoid_v4\arkanoid\Debug\CL.write.1.tlog
C:\DOCUMENTS AND SETTINGS\ALEX\Рабочий стол\ARKANOID_V4\ARKANOID\DEBUG\FIELD.OBJ
C:\DOCUMENTS AND SETTINGS\ALEX\Рабочий стол\ARKANOID_V4\ARKANOID\DEBUG\FORM1.OBJ
C:\DOCUMENTS AND SETTINGS\ALEX\Рабочий стол\ARKANOID_V4\ARKANOID\DEBUG\FORMRESULT.OBJ
C:\DOCUMENTS AND SETTINGS\ALEX\Рабочий стол\ARKANOID_V4\ARKANOID\DEBUG\GAME.OBJ
C:\Documents and Settings\Alex\Рабочий стол\arkanoid_v4\arkanoid\Debug\GenerateResource.read.1.tlog
C:\Documents and Settings\Alex\Рабочий стол\arkanoid_v4\arkanoid\Debug\GenerateResource.read.107.tlog
C:\Documents and Settings\Alex\Рабочий стол\arkanoid_v4\arkanoid\Debug\GenerateResource.read.110.tlog
C:\Documents and Settings\Alex\Рабочий стол\arkanoid_v4\arkanoid\Debug\GenerateResource.read.116.tlog
C:\Documents and Settings\Alex\Рабочий стол\arkanoid_v4\arkanoid\Debug\GenerateResource.read.125.tlog
C:\Documents and Settings\Alex\Рабочий стол\arkanoid_v4\arkanoid\Debug\GenerateResource.read.14.tlog
C:\Documents and Settings\Alex\Рабочий стол\arkanoid_v4\arkanoid\Debug\GenerateResource.read.15.tlog
C:\Documents and Settings\Alex\Рабочий стол\arkanoid_v4\arkanoid\Debug\GenerateResource.read.170.tlog
C:\Documents and Settings\Alex\Рабочий стол\arkanoid_v4\arkanoid\Debug\GenerateResource.read.18.tlog
C:\Documents and Settings\Alex\Рабочий стол\arkanoid_v4\arkanoid\Debug\GenerateResource.read.191.tlog
C:\Documents and Settings\Alex\Рабочий стол\arkanoid_v4\arkanoid\Debug\GenerateResource.read.2.tlog
C:\Documents and Settings\Alex\Рабочий стол\arkanoid_v4\arkanoid\Debug\GenerateResource.read.22.tlog
C:\Documents and Settings\Alex\Рабочий стол\arkanoid_v4\arkanoid\Debug\GenerateResource.read.282.tlog
C:\Documents and Settings\Alex\Рабочий стол\arkanoid_v4\arkanoid\Debug\GenerateResource.read.316.tlog
C:\Documents and Settings\Alex\Рабочий стол\arkanoid_v4\arkanoid\Debug\GenerateResource.read.35.tlog
C:\Documents and Settings\Alex\Рабочий стол\arkanoid_v4\arkanoid\Debug\GenerateResource.read.37.tlog
C:\Documents and Settings\Alex\Рабочий стол\arkanoid_v4\arkanoid\Debug\GenerateResource.read.373.tlog
C:\Documents and Settings\Alex\Рабочий стол\arkanoid_v4\arkanoid\Debug\GenerateResource.read.46.tlog
C:\Documents and Settings\Alex\Рабочий стол\arkanoid_v4\arkanoid\Debug\GenerateResource.read.49.tlog
C:\Documents and Settings\Alex\Рабочий стол\arkanoid_v4\arkanoid\Debug\GenerateResource.read.52.tlog
C:\Documents and Settings\Alex\Рабочий стол\arkanoid_v4\arkanoid\Debug\GenerateResource.read.60.tlog
C:\Documents and Settings\Alex\Рабочий стол\arkanoid_v4\arkanoid\Debug\GenerateResource.read.68.tlog
C:\Documents and Settings\Alex\Рабочий стол\arkanoid_v4\arkanoid\Debug\GenerateResource.read.7.tlog
C:\Documents and Settings\Alex\Рабочий стол\arkanoid_v4\arkanoid\Debug\GenerateResource.read.77.tlog
C:\Documents and Settings\Alex\Рабочий стол\arkanoid_v4\arkanoid\Debug\GenerateResource.read.8.tlog
C:\Documents and Settings\Alex\Рабочий стол\arkanoid_v4\arkanoid\Debug\GenerateResource.write.1.tlog
C:\Documents and Settings\Alex\Рабочий стол\arkanoid_v4\arkanoid\Debug\GenerateResource.write.107.tlog
C:\Documents and Settings\Alex\Рабочий стол\arkanoid_v4\arkanoid\Debug\GenerateResource.write.110.tlog
C:\Documents and Settings\Alex\Рабочий стол\arkanoid_v4\arkanoid\Debug\GenerateResource.write.116.tlog
C:\Documents and Settings\Alex\Рабочий стол\arkanoid_v4\arkanoid\Debug\GenerateResource.write.125.tlog
C:\Documents and Settings\Alex\Рабочий стол\arkanoid_v4\arkanoid\Debug\GenerateResource.write.14.tlog
C:\Documents and Settings\Alex\Рабочий стол\arkanoid_v4\arkanoid\Debug\GenerateResource.write.15.tlog
C:\Documents and Settings\Alex\Рабочий стол\arkanoid_v4\arkanoid\Debug\GenerateResource.write.170.tlog
C:\Documents and Settings\Alex\Рабочий стол\arkanoid_v4\arkanoid\Debug\GenerateResource.write.18.tlog
C:\Documents and Settings\Alex\Рабочий стол\arkanoid_v4\arkanoid\Debug\GenerateResource.write.191.tlog
C:\Documents and Settings\Alex\Рабочий стол\arkanoid_v4\arkanoid\Debug\GenerateResource.write.22.tlog
C:\Documents and Settings\Alex\Рабочий стол\arkanoid_v4\arkanoid\Debug\GenerateResource.write.282.tlog
C:\Documents and Settings\Alex\Рабочий стол\arkanoid_v4\arkanoid\Debug\GenerateResource.write.316.tlog
C:\Documents and Settings\Alex\Рабочий стол\arkanoid_v4\arkanoid\Debug\GenerateResource.write.35.tlog
C:\Documents and Settings\Alex\Рабочий стол\arkanoid_v4\arkanoid\Debug\GenerateResource.write.37.tlog
C:\Documents and Settings\Alex\Рабочий стол\arkanoid_v4\arkanoid\Debug\GenerateResource.write.373.tlog
C:\Documents and Settings\Alex\Рабочий стол\arkanoid_v4\arkanoid\Debug\GenerateResource.write.46.tlog
C:\Documents and Settings\Alex\Рабочий стол\arkanoid_v4\arkanoid\Debug\GenerateResource.write.49.tlog
C:\Documents and Settings\Alex\Рабочий стол\arkanoid_v4\arkanoid\Debug\GenerateResource.write.52.tlog
C:\Documents and Settings\Alex\Рабочий стол\arkanoid_v4\arkanoid\Debug\GenerateResource.write.60.tlog
C:\Documents and Settings\Alex\Рабочий стол\arkanoid_v4\arkanoid\Debug\GenerateResource.write.68.tlog
C:\Documents and Settings\Alex\Рабочий стол\arkanoid_v4\arkanoid\Debug\GenerateResource.write.7.tlog
C:\Documents and Settings\Alex\Рабочий стол\arkanoid_v4\arkanoid\Debug\GenerateResource.write.77.tlog
C:\Documents and Settings\Alex\Рабочий стол\arkanoid_v4\arkanoid\Debug\GenerateResource.write.8.tlog
C:\DOCUMENTS AND SETTINGS\ALEX\Рабочий стол\ARKANOID_V4\ARKANOID\DEBUG\LEVELSELECT.OBJ
C:\Documents and Settings\Alex\Рабочий стол\arkanoid_v4\arkanoid\Debug\link.1032.read.1.tlog
C:\Documents and Settings\Alex\Рабочий стол\arkanoid_v4\arkanoid\Debug\link.1032.write.1.tlog
C:\Documents and Settings\Alex\Рабочий стол\arkanoid_v4\arkanoid\Debug\link.1032-cvtres.read.1.tlog
C:\Documents and Settings\Alex\Рабочий стол\arkanoid_v4\arkanoid\Debug\link.1032-cvtres.write.1.tlog
C:\Documents and Settings\Alex\Рабочий стол\arkanoid_v4\arkanoid\Debug\link.1040.read.1.tlog
C:\Documents and Settings\Alex\Рабочий стол\arkanoid_v4\arkanoid\Debug\link.1040.write.1.tlog
C:\Documents and Settings\Alex\Рабочий стол\arkanoid_v4\arkanoid\Debug\link.1040-cvtres.read.1.tlog
C:\Documents and Settings\Alex\Рабочий стол\arkanoid_v4\arkanoid\Debug\link.1040-cvtres.write.1.tlog
C:\Documents and Settings\Alex\Рабочий стол\arkanoid_v4\arkanoid\Debug\link.1044.read.1.tlog
C:\Documents and Settings\Alex\Рабочий стол\arkanoid_v4\arkanoid\Debug\link.1044.write.1.tlog
C:\Documents and Settings\Alex\Рабочий стол\arkanoid_v4\arkanoid\Debug\link.1044-cvtres.read.1.tlog
C:\Documents and Settings\Alex\Рабочий стол\arkanoid_v4\arkanoid\Debug\link.1044-cvtres.write.1.tlog
C:\Documents and Settings\Alex\Рабочий стол\arkanoid_v4\arkanoid\Debug\link.1148.read.1.tlog
C:\Documents and Settings\Alex\Рабочий стол\arkanoid_v4\arkanoid\Debug\link.1148.write.1.tlog
C:\Documents and Settings\Alex\Рабочий стол\arkanoid_v4\arkanoid\Debug\link.1148-cvtres.read.1.tlog
C:\Documents and Settings\Alex\Рабочий стол\arkanoid_v4\arkanoid\Debug\link.1148-cvtres.write.1.tlog
C:\Documents and Settings\Alex\Рабочий стол\arkanoid_v4\arkanoid\Debug\link.1192.read.1.tlog
C:\Documents and Settings\Alex\Рабочий стол\arkanoid_v4\arkanoid\Debug\link.1192.write.1.tlog
C:\Documents and Settings\Alex\Рабочий стол\arkanoid_v4\arkanoid\Debug\link.1192-cvtres.read.1.tlog
C:\Documents and Settings\Alex\Рабочий стол\arkanoid_v4\arkanoid\Debug\link.1192-cvtres.write.1.tlog
C:\Documents and Settings\Alex\Рабочий стол\arkanoid_v4\arkanoid\Debug\link.1220.read.1.tlog
C:\Documents and Settings\Alex\Рабочий стол\arkanoid_v4\arkanoid\Debug\link.1220.write.1.tlog
C:\Documents and Settings\Alex\Рабочий стол\arkanoid_v4\arkanoid\Debug\link.1220-cvtres.read.1.tlog
C:\Documents and Settings\Alex\Рабочий стол\arkanoid_v4\arkanoid\Debug\link.1220-cvtres.write.1.tlog
C:\Documents and Settings\Alex\Рабочий стол\arkanoid_v4\arkanoid\Debug\link.1348.read.1.tlog
C:\Documents and Settings\Alex\Рабочий стол\arkanoid_v4\arkanoid\Debug\link.1348.write.1.tlog
C:\Documents and Settings\Alex\Рабочий стол\arkanoid_v4\arkanoid\Debug\link.1348-cvtres.read.1.tlog
C:\Documents and Settings\Alex\Рабочий стол\arkanoid_v4\arkanoid\Debug\link.1348-cvtres.write.1.tlog
C:\Documents and Settings\Alex\Рабочий стол\arkanoid_v4\arkanoid\Debug\link.1372.read.1.tlog
C:\Documents and Settings\Alex\Рабочий стол\arkanoid_v4\arkanoid\Debug\link.1372.write.1.tlog
C:\Documents and Settings\Alex\Рабочий стол\arkanoid_v4\arkanoid\Debug\link.1372-cvtres.read.1.tlog
C:\Documents and Settings\Alex\Рабочий стол\arkanoid_v4\arkanoid\Debug\link.1372-cvtres.write.1.tlog
C:\Documents and Settings\Alex\Рабочий стол\arkanoid_v4\arkanoid\Debug\link.1380.read.1.tlog
C:\Documents and Settings\Alex\Рабочий стол\arkanoid_v4\arkanoid\Debug\link.1380.write.1.tlog
C:\Documents and Settings\Alex\Рабочий стол\arkanoid_v4\arkanoid\Debug\link.1380-cvtres.read.1.tlog
C:\Documents and Settings\Alex\Рабочий стол\arkanoid_v4\arkanoid\Debug\link.1380-cvtres.write.1.tlog
C:\Documents and Settings\Alex\Рабочий стол\arkanoid_v4\arkanoid\Debug\link.1388.read.1.tlog
C:\Documents and Settings\Alex\Рабочий стол\arkanoid_v4\arkanoid\Debug\link.1388.write.1.tlog
C:\Documents and Settings\Alex\Рабочий стол\arkanoid_v4\arkanoid\Debug\link.1388-cvtres.read.1.tlog
C:\Documents and Settings\Alex\Рабочий стол\arkanoid_v4\arkanoid\Debug\link.1388-cvtres.write.1.tlog
C:\Documents and Settings\Alex\Рабочий стол\arkanoid_v4\arkanoid\Debug\link.1436.read.1.tlog
C:\Documents and Settings\Alex\Рабочий стол\arkanoid_v4\arkanoid\Debug\link.1436.write.1.tlog
C:\Documents and Settings\Alex\Рабочий стол\arkanoid_v4\arkanoid\Debug\link.1436-cvtres.read.1.tlog
C:\Documents and Settings\Alex\Рабочий стол\arkanoid_v4\arkanoid\Debug\link.1436-cvtres.write.1.tlog
C:\Documents and Settings\Alex\Рабочий стол\arkanoid_v4\arkanoid\Debug\link.1440.read.1.tlog
C:\Documents and Settings\Alex\Рабочий стол\arkanoid_v4\arkanoid\Debug\link.1440.write.1.tlog
C:\Documents and Settings\Alex\Рабочий стол\arkanoid_v4\arkanoid\Debug\link.1440-cvtres.read.1.tlog
C:\Documents and Settings\Alex\Рабочий стол\arkanoid_v4\arkanoid\Debug\link.1440-cvtres.write.1.tlog
C:\Documents and Settings\Alex\Рабочий стол\arkanoid_v4\arkanoid\Debug\link.1480.read.1.tlog
C:\Documents and Settings\Alex\Рабочий стол\arkanoid_v4\arkanoid\Debug\link.1480.write.1.tlog
C:\Documents and Settings\Alex\Рабочий стол\arkanoid_v4\arkanoid\Debug\link.1480-cvtres.read.1.tlog
C:\Documents and Settings\Alex\Рабочий стол\arkanoid_v4\arkanoid\Debug\link.1480-cvtres.write.1.tlog
C:\Documents and Settings\Alex\Рабочий стол\arkanoid_v4\arkanoid\Debug\link.1484.read.1.tlog
C:\Documents and Settings\Alex\Рабочий стол\arkanoid_v4\arkanoid\Debug\link.1484.write.1.tlog
C:\Documents and Settings\Alex\Рабочий стол\arkanoid_v4\arkanoid\Debug\link.1484-cvtres.read.1.tlog
C:\Documents and Settings\Alex\Рабочий стол\arkanoid_v4\arkanoid\Debug\link.1484-cvtres.write.1.tlog
C:\Documents and Settings\Alex\Рабочий стол\arkanoid_v4\arkanoid\Debug\link.1496.read.1.tlog
C:\Documents and Settings\Alex\Рабочий стол\arkanoid_v4\arkanoid\Debug\link.1496.write.1.tlog
C:\Documents and Settings\Alex\Рабочий стол\arkanoid_v4\arkanoid\Debug\link.1496-cvtres.read.1.tlog
C:\Documents and Settings\Alex\Рабочий стол\arkanoid_v4\arkanoid\Debug\link.1496-cvtres.write.1.tlog
C:\Documents and Settings\Alex\Рабочий стол\arkanoid_v4\arkanoid\Debug\link.1516.read.1.tlog
C:\Documents and Settings\Alex\Рабочий стол\arkanoid_v4\arkanoid\Debug\link.1516.write.1.tlog
C:\Documents and Settings\Alex\Рабочий стол\arkanoid_v4\arkanoid\Debug\link.1516-cvtres.read.1.tlog
C:\Documents and Settings\Alex\Рабочий стол\arkanoid_v4\arkanoid\Debug\link.1516-cvtres.write.1.tlog
C:\Documents and Settings\Alex\Рабочий стол\arkanoid_v4\arkanoid\Debug\link.1528.read.1.tlog
C:\Documents and Settings\Alex\Рабочий стол\arkanoid_v4\arkanoid\Debug\link.1528.write.1.tlog
C:\Documents and Settings\Alex\Рабочий стол\arkanoid_v4\arkanoid\Debug\link.1528-cvtres.read.1.tlog
C:\Documents and Settings\Alex\Рабочий стол\arkanoid_v4\arkanoid\Debug\link.1528-cvtres.write.1.tlog
C:\Documents and Settings\Alex\Рабочий стол\arkanoid_v4\arkanoid\Debug\link.1556.read.1.tlog
C:\Documents and Settings\Alex\Рабочий стол\arkanoid_v4\arkanoid\Debug\link.1556.write.1.tlog
C:\Documents and Settings\Alex\Рабочий стол\arkanoid_v4\arkanoid\Debug\link.1556-cvtres.read.1.tlog
C:\Documents and Settings\Alex\Рабочий стол\arkanoid_v4\arkanoid\Debug\link.1556-cvtres.write.1.tlog
C:\Documents and Settings\Alex\Рабочий стол\arkanoid_v4\arkanoid\Debug\link.1644.read.1.tlog
C:\Documents and Settings\Alex\Рабочий стол\arkanoid_v4\arkanoid\Debug\link.1644.write.1.tlog
C:\Documents and Settings\Alex\Рабочий стол\arkanoid_v4\arkanoid\Debug\link.1644-cvtres.read.1.tlog
C:\Documents and Settings\Alex\Рабочий стол\arkanoid_v4\arkanoid\Debug\link.1644-cvtres.write.1.tlog
C:\Documents and Settings\Alex\Рабочий стол\arkanoid_v4\arkanoid\Debug\link.1648.read.1.tlog
C:\Documents and Settings\Alex\Рабочий стол\arkanoid_v4\arkanoid\Debug\link.1648.write.1.tlog
C:\Documents and Settings\Alex\Рабочий стол\arkanoid_v4\arkanoid\Debug\link.1648-cvtres.read.1.tlog
C:\Documents and Settings\Alex\Рабочий стол\arkanoid_v4\arkanoid\Debug\link.1648-cvtres.write.1.tlog
C:\Documents and Settings\Alex\Рабочий стол\arkanoid_v4\arkanoid\Debug\link.1720.read.1.tlog
C:\Documents and Settings\Alex\Рабочий стол\arkanoid_v4\arkanoid\Debug\link.1720.write.1.tlog
C:\Documents and Settings\Alex\Рабочий стол\arkanoid_v4\arkanoid\Debug\link.1720-cvtres.read.1.tlog
C:\Documents and Settings\Alex\Рабочий стол\arkanoid_v4\arkanoid\Debug\link.1720-cvtres.write.1.tlog
C:\Documents and Settings\Alex\Рабочий стол\arkanoid_v4\arkanoid\Debug\link.1744.read.1.tlog
C:\Documents and Settings\Alex\Рабочий стол\arkanoid_v4\arkanoid\Debug\link.1744.write.1.tlog
C:\Documents and Settings\Alex\Рабочий стол\arkanoid_v4\arkanoid\Debug\link.1744-cvtres.read.1.tlog
C:\Documents and Settings\Alex\Рабочий стол\arkanoid_v4\arkanoid\Debug\link.1744-cvtres.write.1.tlog
C:\Documents and Settings\Alex\Рабочий стол\arkanoid_v4\arkanoid\Debug\link.1808.read.1.tlog
C:\Documents and Settings\Alex\Рабочий стол\arkanoid_v4\arkanoid\Debug\link.1808.write.1.tlog
C:\Documents and Settings\Alex\Рабочий стол\arkanoid_v4\arkanoid\Debug\link.1808-cvtres.read.1.tlog
C:\Documents and Settings\Alex\Рабочий стол\arkanoid_v4\arkanoid\Debug\link.1808-cvtres.write.1.tlog
C:\Documents and Settings\Alex\Рабочий стол\arkanoid_v4\arkanoid\Debug\link.1820.read.1.tlog
C:\Documents and Settings\Alex\Рабочий стол\arkanoid_v4\arkanoid\Debug\link.1820.write.1.tlog
C:\Documents and Settings\Alex\Рабочий стол\arkanoid_v4\arkanoid\Debug\link.1820-cvtres.read.1.tlog
C:\Documents and Settings\Alex\Рабочий стол\arkanoid_v4\arkanoid\Debug\link.1820-cvtres.write.1.tlog
C:\Documents and Settings\Alex\Рабочий стол\arkanoid_v4\arkanoid\Debug\link.184.read.1.tlog
C:\Documents and Settings\Alex\Рабочий стол\arkanoid_v4\arkanoid\Debug\link.184.write.1.tlog
C:\Documents and Settings\Alex\Рабочий стол\arkanoid_v4\arkanoid\Debug\link.1844.read.1.tlog
C:\Documents and Settings\Alex\Рабочий стол\arkanoid_v4\arkanoid\Debug\link.1844.write.1.tlog
C:\Documents and Settings\Alex\Рабочий стол\arkanoid_v4\arkanoid\Debug\link.1844-cvtres.read.1.tlog
C:\Documents and Settings\Alex\Рабочий стол\arkanoid_v4\arkanoid\Debug\link.1844-cvtres.write.1.tlog
C:\Documents and Settings\Alex\Рабочий стол\arkanoid_v4\arkanoid\Debug\link.1848.read.1.tlog
C:\Documents and Settings\Alex\Рабочий стол\arkanoid_v4\arkanoid\Debug\link.1848.write.1.tlog
C:\Documents and Settings\Alex\Рабочий стол\arkanoid_v4\arkanoid\Debug\link.1848-cvtres.read.1.tlog
C:\Documents and Settings\Alex\Рабочий стол\arkanoid_v4\arkanoid\Debug\link.1848-cvtres.write.1.tlog
C:\Documents and Settings\Alex\Рабочий стол\arkanoid_v4\arkanoid\Debug\link.184-cvtres.read.1.tlog
C:\Documents and Settings\Alex\Рабочий стол\arkanoid_v4\arkanoid\Debug\link.184-cvtres.write.1.tlog
C:\Documents and Settings\Alex\Рабочий стол\arkanoid_v4\arkanoid\Debug\link.1864.read.1.tlog
C:\Documents and Settings\Alex\Рабочий стол\arkanoid_v4\arkanoid\Debug\link.1864.write.1.tlog
C:\Documents and Settings\Alex\Рабочий стол\arkanoid_v4\arkanoid\Debug\link.1864-cvtres.read.1.tlog
C:\Documents and Settings\Alex\Рабочий стол\arkanoid_v4\arkanoid\Debug\link.1864-cvtres.write.1.tlog
C:\Documents and Settings\Alex\Рабочий стол\arkanoid_v4\arkanoid\Debug\link.1904.read.1.tlog
C:\Documents and Settings\Alex\Рабочий стол\arkanoid_v4\arkanoid\Debug\link.1904.write.1.tlog
C:\Documents and Settings\Alex\Рабочий стол\arkanoid_v4\arkanoid\Debug\link.1904-cvtres.read.1.tlog
C:\Documents and Settings\Alex\Рабочий стол\arkanoid_v4\arkanoid\Debug\link.1904-cvtres.write.1.tlog
C:\Documents and Settings\Alex\Рабочий стол\arkanoid_v4\arkanoid\Debug\link.1928.read.1.tlog
C:\Documents and Settings\Alex\Рабочий стол\arkanoid_v4\arkanoid\Debug\link.1928.write.1.tlog
C:\Documents and Settings\Alex\Рабочий стол\arkanoid_v4\arkanoid\Debug\link.1928-cvtres.read.1.tlog
C:\Documents and Settings\Alex\Рабочий стол\arkanoid_v4\arkanoid\Debug\link.1928-cvtres.write.1.tlog
C:\Documents and Settings\Alex\Рабочий стол\arkanoid_v4\arkanoid\Debug\link.1976.read.1.tlog
C:\Documents and Settings\Alex\Рабочий стол\arkanoid_v4\arkanoid\Debug\link.1976.write.1.tlog
C:\Documents and Settings\Alex\Рабочий стол\arkanoid_v4\arkanoid\Debug\link.1976-cvtres.read.1.tlog
C:\Documents and Settings\Alex\Рабочий стол\arkanoid_v4\arkanoid\Debug\link.1976-cvtres.write.1.tlog
C:\Documents and Settings\Alex\Рабочий стол\arkanoid_v4\arkanoid\Debug\link.1992.read.1.tlog
C:\Documents and Settings\Alex\Рабочий стол\arkanoid_v4\arkanoid\Debug\link.1992.write.1.tlog
C:\Documents and Settings\Alex\Рабочий стол\arkanoid_v4\arkanoid\Debug\link.1992-cvtres.read.1.tlog
C:\Documents and Settings\Alex\Рабочий стол\arkanoid_v4\arkanoid\Debug\link.1992-cvtres.write.1.tlog
C:\Documents and Settings\Alex\Рабочий стол\arkanoid_v4\arkanoid\Debug\link.2024.read.1.tlog
C:\Documents and Settings\Alex\Рабочий стол\arkanoid_v4\arkanoid\Debug\link.2024.write.1.tlog
C:\Documents and Settings\Alex\Рабочий стол\arkanoid_v4\arkanoid\Debug\link.2024-cvtres.read.1.tlog
C:\Documents and Settings\Alex\Рабочий стол\arkanoid_v4\arkanoid\Debug\link.2024-cvtres.write.1.tlog
C:\Documents and Settings\Alex\Рабочий стол\arkanoid_v4\arkanoid\Debug\link.2088.read.1.tlog
C:\Documents and Settings\Alex\Рабочий стол\arkanoid_v4\arkanoid\Debug\link.2088.write.1.tlog
C:\Documents and Settings\Alex\Рабочий стол\arkanoid_v4\arkanoid\Debug\link.2088-cvtres.read.1.tlog
C:\Documents and Settings\Alex\Рабочий стол\arkanoid_v4\arkanoid\Debug\link.2088-cvtres.write.1.tlog
C:\Documents and Settings\Alex\Рабочий стол\arkanoid_v4\arkanoid\Debug\link.2132.read.1.tlog
C:\Documents and Settings\Alex\Рабочий стол\arkanoid_v4\arkanoid\Debug\link.2132.write.1.tlog
C:\Documents and Settings\Alex\Рабочий стол\arkanoid_v4\arkanoid\Debug\link.2132-cvtres.read.1.tlog
C:\Documents and Settings\Alex\Рабочий стол\arkanoid_v4\arkanoid\Debug\link.2132-cvtres.write.1.tlog
C:\Documents and Settings\Alex\Рабочий стол\arkanoid_v4\arkanoid\Debug\link.2160.read.1.tlog
C:\Documents and Settings\Alex\Рабочий стол\arkanoid_v4\arkanoid\Debug\link.2160.write.1.tlog
C:\Documents and Settings\Alex\Рабочий стол\arkanoid_v4\arkanoid\Debug\link.2160-cvtres.read.1.tlog
C:\Documents and Settings\Alex\Рабочий стол\arkanoid_v4\arkanoid\Debug\link.2160-cvtres.write.1.tlog
C:\Documents and Settings\Alex\Рабочий стол\arkanoid_v4\arkanoid\Debug\link.2168.read.1.tlog
C:\Documents and Settings\Alex\Рабочий стол\arkanoid_v4\arkanoid\Debug\link.2168.write.1.tlog
C:\Documents and Settings\Alex\Рабочий стол\arkanoid_v4\arkanoid\Debug\link.2168-cvtres.read.1.tlog
C:\Documents and Settings\Alex\Рабочий стол\arkanoid_v4\arkanoid\Debug\link.2168-cvtres.write.1.tlog
C:\Documents and Settings\Alex\Рабочий стол\arkanoid_v4\arkanoid\Debug\link.2172.read.1.tlog
C:\Documents and Settings\Alex\Рабочий стол\arkanoid_v4\arkanoid\Debug\link.2172.write.1.tlog
C:\Documents and Settings\Alex\Рабочий стол\arkanoid_v4\arkanoid\Debug\link.2172-cvtres.read.1.tlog
C:\Documents and Settings\Alex\Рабочий стол\arkanoid_v4\arkanoid\Debug\link.2172-cvtres.write.1.tlog
C:\Documents and Settings\Alex\Рабочий стол\arkanoid_v4\arkanoid\Debug\link.2208.read.1.tlog
C:\Documents and Settings\Alex\Рабочий стол\arkanoid_v4\arkanoid\Debug\link.2208.write.1.tlog
C:\Documents and Settings\Alex\Рабочий стол\arkanoid_v4\arkanoid\Debug\link.2208-cvtres.read.1.tlog
C:\Documents and Settings\Alex\Рабочий стол\arkanoid_v4\arkanoid\Debug\link.2208-cvtres.write.1.tlog
C:\Documents and Settings\Alex\Рабочий стол\arkanoid_v4\arkanoid\Debug\link.2240.read.1.tlog
C:\Documents and Settings\Alex\Рабочий стол\arkanoid_v4\arkanoid\Debug\link.2240.write.1.tlog
C:\Documents and Settings\Alex\Рабочий стол\arkanoid_v4\arkanoid\Debug\link.2240-cvtres.read.1.tlog
C:\Documents and Settings\Alex\Рабочий стол\arkanoid_v4\arkanoid\Debug\link.2240-cvtres.write.1.tlog
C:\Documents and Settings\Alex\Рабочий стол\arkanoid_v4\arkanoid\Debug\link.2244.read.1.tlog
C:\Documents and Settings\Alex\Рабочий стол\arkanoid_v4\arkanoid\Debug\link.2244.write.1.tlog
C:\Documents and Settings\Alex\Рабочий стол\arkanoid_v4\arkanoid\Debug\link.2244-cvtres.read.1.tlog
C:\Documents and Settings\Alex\Рабочий стол\arkanoid_v4\arkanoid\Debug\link.2244-cvtres.write.1.tlog
C:\Documents and Settings\Alex\Рабочий стол\arkanoid_v4\arkanoid\Debug\link.2252.read.1.tlog
C:\Documents and Settings\Alex\Рабочий стол\arkanoid_v4\arkanoid\Debug\link.2252.write.1.tlog
C:\Documents and Settings\Alex\Рабочий стол\arkanoid_v4\arkanoid\Debug\link.2252-cvtres.read.1.tlog
C:\Documents and Settings\Alex\Рабочий стол\arkanoid_v4\arkanoid\Debug\link.2252-cvtres.write.1.tlog
C:\Documents and Settings\Alex\Рабочий стол\arkanoid_v4\arkanoid\Debug\link.2256.read.1.tlog
C:\Documents and Settings\Alex\Рабочий стол\arkanoid_v4\arkanoid\Debug\link.2256.write.1.tlog
C:\Documents and Settings\Alex\Рабочий стол\arkanoid_v4\arkanoid\Debug\link.2256-cvtres.read.1.tlog
C:\Documents and Settings\Alex\Рабочий стол\arkanoid_v4\arkanoid\Debug\link.2256-cvtres.write.1.tlog
C:\Documents and Settings\Alex\Рабочий стол\arkanoid_v4\arkanoid\Debug\link.2280.read.1.tlog
C:\Documents and Settings\Alex\Рабочий стол\arkanoid_v4\arkanoid\Debug\link.2280.write.1.tlog
C:\Documents and Settings\Alex\Рабочий стол\arkanoid_v4\arkanoid\Debug\link.2280-cvtres.read.1.tlog
C:\Documents and Settings\Alex\Рабочий стол\arkanoid_v4\arkanoid\Debug\link.2280-cvtres.write.1.tlog
C:\Documents and Settings\Alex\Рабочий стол\arkanoid_v4\arkanoid\Debug\link.2296.read.1.tlog
C:\Documents and Settings\Alex\Рабочий стол\arkanoid_v4\arkanoid\Debug\link.2296.write.1.tlog
C:\Documents and Settings\Alex\Рабочий стол\arkanoid_v4\arkanoid\Debug\link.2296-cvtres.read.1.tlog
C:\Documents and Settings\Alex\Рабочий стол\arkanoid_v4\arkanoid\Debug\link.2296-cvtres.write.1.tlog
C:\Documents and Settings\Alex\Рабочий стол\arkanoid_v4\arkanoid\Debug\link.2324.read.1.tlog
C:\Documents and Settings\Alex\Рабочий стол\arkanoid_v4\arkanoid\Debug\link.2324.write.1.tlog
C:\Documents and Settings\Alex\Рабочий стол\arkanoid_v4\arkanoid\Debug\link.2324-cvtres.read.1.tlog
C:\Documents and Settings\Alex\Рабочий стол\arkanoid_v4\arkanoid\Debug\link.2324-cvtres.write.1.tlog
C:\Documents and Settings\Alex\Рабочий стол\arkanoid_v4\arkanoid\Debug\link.2380.read.1.tlog
C:\Documents and Settings\Alex\Рабочий стол\arkanoid_v4\arkanoid\Debug\link.2380.write.1.tlog
C:\Documents and Settings\Alex\Рабочий стол\arkanoid_v4\arkanoid\Debug\link.2380-cvtres.read.1.tlog
C:\Documents and Settings\Alex\Рабочий стол\arkanoid_v4\arkanoid\Debug\link.2380-cvtres.write.1.tlog
C:\Documents and Settings\Alex\Рабочий стол\arkanoid_v4\arkanoid\Debug\link.2388.read.1.tlog
C:\Documents and Settings\Alex\Рабочий стол\arkanoid_v4\arkanoid\Debug\link.2388.write.1.tlog
C:\Documents and Settings\Alex\Рабочий стол\arkanoid_v4\arkanoid\Debug\link.2388-cvtres.read.1.tlog
C:\Documents and Settings\Alex\Рабочий стол\arkanoid_v4\arkanoid\Debug\link.2388-cvtres.write.1.tlog
C:\Documents and Settings\Alex\Рабочий стол\arkanoid_v4\arkanoid\Debug\link.2416.read.1.tlog
C:\Documents and Settings\Alex\Рабочий стол\arkanoid_v4\arkanoid\Debug\link.2416.write.1.tlog
C:\Documents and Settings\Alex\Рабочий стол\arkanoid_v4\arkanoid\Debug\link.2416-cvtres.read.1.tlog
C:\Documents and Settings\Alex\Рабочий стол\arkanoid_v4\arkanoid\Debug\link.2416-cvtres.write.1.tlog
C:\Documents and Settings\Alex\Рабочий стол\arkanoid_v4\arkanoid\Debug\link.2464.read.1.tlog
C:\Documents and Settings\Alex\Рабочий стол\arkanoid_v4\arkanoid\Debug\link.2464.write.1.tlog
C:\Documents and Settings\Alex\Рабочий стол\arkanoid_v4\arkanoid\Debug\link.2464-cvtres.read.1.tlog
C:\Documents and Settings\Alex\Рабочий стол\arkanoid_v4\arkanoid\Debug\link.2464-cvtres.write.1.tlog
C:\Documents and Settings\Alex\Рабочий стол\arkanoid_v4\arkanoid\Debug\link.2724.read.1.tlog
C:\Documents and Settings\Alex\Рабочий стол\arkanoid_v4\arkanoid\Debug\link.2724.write.1.tlog
C:\Documents and Settings\Alex\Рабочий стол\arkanoid_v4\arkanoid\Debug\link.2724-cvtres.read.1.tlog
C:\Documents and Settings\Alex\Рабочий стол\arkanoid_v4\arkanoid\Debug\link.2724-cvtres.write.1.tlog
C:\Documents and Settings\Alex\Рабочий стол\arkanoid_v4\arkanoid\Debug\link.276.read.1.tlog
C:\Documents and Settings\Alex\Рабочий стол\arkanoid_v4\arkanoid\Debug\link.276.write.1.tlog
C:\Documents and Settings\Alex\Рабочий стол\arkanoid_v4\arkanoid\Debug\link.276-cvtres.read.1.tlog
C:\Documents and Settings\Alex\Рабочий стол\arkanoid_v4\arkanoid\Debug\link.276-cvtres.write.1.tlog
C:\Documents and Settings\Alex\Рабочий стол\arkanoid_v4\arkanoid\Debug\link.2976.read.1.tlog
C:\Documents and Settings\Alex\Рабочий стол\arkanoid_v4\arkanoid\Debug\link.2976.write.1.tlog
C:\Documents and Settings\Alex\Рабочий стол\arkanoid_v4\arkanoid\Debug\link.2976-cvtres.read.1.tlog
C:\Documents and Settings\Alex\Рабочий стол\arkanoid_v4\arkanoid\Debug\link.2976-cvtres.write.1.tlog
C:\Documents and Settings\Alex\Рабочий стол\arkanoid_v4\arkanoid\Debug\link.3000.read.1.tlog
C:\Documents and Settings\Alex\Рабочий стол\arkanoid_v4\arkanoid\Debug\link.3000.write.1.tlog
C:\Documents and Settings\Alex\Рабочий стол\arkanoid_v4\arkanoid\Debug\link.3000-cvtres.read.1.tlog
C:\Documents and Settings\Alex\Рабочий стол\arkanoid_v4\arkanoid\Debug\link.3000-cvtres.write.1.tlog
C:\Documents and Settings\Alex\Рабочий стол\arkanoid_v4\arkanoid\Debug\link.3032.read.1.tlog
C:\Documents and Settings\Alex\Рабочий стол\arkanoid_v4\arkanoid\Debug\link.3032.write.1.tlog
C:\Documents and Settings\Alex\Рабочий стол\arkanoid_v4\arkanoid\Debug\link.3032-cvtres.read.1.tlog
C:\Documents and Settings\Alex\Рабочий стол\arkanoid_v4\arkanoid\Debug\link.3032-cvtres.write.1.tlog
C:\Documents and Settings\Alex\Рабочий стол\arkanoid_v4\arkanoid\Debug\link.304.read.1.tlog
C:\Documents and Settings\Alex\Рабочий стол\arkanoid_v4\arkanoid\Debug\link.304.write.1.tlog
C:\Documents and Settings\Alex\Рабочий стол\arkanoid_v4\arkanoid\Debug\link.304-cvtres.read.1.tlog
C:\Documents and Settings\Alex\Рабочий стол\arkanoid_v4\arkanoid\Debug\link.304-cvtres.write.1.tlog
C:\Documents and Settings\Alex\Рабочий стол\arkanoid_v4\arkanoid\Debug\link.3100.read.1.tlog
C:\Documents and Settings\Alex\Рабочий стол\arkanoid_v4\arkanoid\Debug\link.3100.write.1.tlog
C:\Documents and Settings\Alex\Рабочий стол\arkanoid_v4\arkanoid\Debug\link.3100-cvtres.read.1.tlog
C:\Documents and Settings\Alex\Рабочий стол\arkanoid_v4\arkanoid\Debug\link.3100-cvtres.write.1.tlog
C:\Documents and Settings\Alex\Рабочий стол\arkanoid_v4\arkanoid\Debug\link.3128.read.1.tlog
C:\Documents and Settings\Alex\Рабочий стол\arkanoid_v4\arkanoid\Debug\link.3128.write.1.tlog
C:\Documents and Settings\Alex\Рабочий стол\arkanoid_v4\arkanoid\Debug\link.3128-cvtres.read.1.tlog
C:\Documents and Settings\Alex\Рабочий стол\arkanoid_v4\arkanoid\Debug\link.3128-cvtres.write.1.tlog
C:\Documents and Settings\Alex\Рабочий стол\arkanoid_v4\arkanoid\Debug\link.3140.read.1.tlog
C:\Documents and Settings\Alex\Рабочий стол\arkanoid_v4\arkanoid\Debug\link.3140.write.1.tlog
C:\Documents and Settings\Alex\Рабочий стол\arkanoid_v4\arkanoid\Debug\link.3140-cvtres.read.1.tlog
C:\Documents and Settings\Alex\Рабочий стол\arkanoid_v4\arkanoid\Debug\link.3140-cvtres.write.1.tlog
C:\Documents and Settings\Alex\Рабочий стол\arkanoid_v4\arkanoid\Debug\link.3184.read.1.tlog
C:\Documents and Settings\Alex\Рабочий стол\arkanoid_v4\arkanoid\Debug\link.3184.write.1.tlog
C:\Documents and Settings\Alex\Рабочий стол\arkanoid_v4\arkanoid\Debug\link.3184-cvtres.read.1.tlog
C:\Documents and Settings\Alex\Рабочий стол\arkanoid_v4\arkanoid\Debug\link.3184-cvtres.write.1.tlog
C:\Documents and Settings\Alex\Рабочий стол\arkanoid_v4\arkanoid\Debug\link.3308.read.1.tlog
C:\Documents and Settings\Alex\Рабочий стол\arkanoid_v4\arkanoid\Debug\link.3308.write.1.tlog
C:\Documents and Settings\Alex\Рабочий стол\arkanoid_v4\arkanoid\Debug\link.3308-cvtres.read.1.tlog
C:\Documents and Settings\Alex\Рабочий стол\arkanoid_v4\arkanoid\Debug\link.3308-cvtres.write.1.tlog
C:\Documents and Settings\Alex\Рабочий стол\arkanoid_v4\arkanoid\Debug\link.332.read.1.tlog
C:\Documents and Settings\Alex\Рабочий стол\arkanoid_v4\arkanoid\Debug\link.332.write.1.tlog
C:\Documents and Settings\Alex\Рабочий стол\arkanoid_v4\arkanoid\Debug\link.332-cvtres.read.1.tlog
C:\Documents and Settings\Alex\Рабочий стол\arkanoid_v4\arkanoid\Debug\link.332-cvtres.write.1.tlog
C:\Documents and Settings\Alex\Рабочий стол\arkanoid_v4\arkanoid\Debug\link.3356.read.1.tlog
C:\Documents and Settings\Alex\Рабочий стол\arkanoid_v4\arkanoid\Debug\link.3356.write.1.tlog
C:\Documents and Settings\Alex\Рабочий стол\arkanoid_v4\arkanoid\Debug\link.3356-cvtres.read.1.tlog
C:\Documents and Settings\Alex\Рабочий стол\arkanoid_v4\arkanoid\Debug\link.3356-cvtres.write.1.tlog
C:\Documents and Settings\Alex\Рабочий стол\arkanoid_v4\arkanoid\Debug\link.3476.read.1.tlog
C:\Documents and Settings\Alex\Рабочий стол\arkanoid_v4\arkanoid\Debug\link.3476.write.1.tlog
C:\Documents and Settings\Alex\Рабочий стол\arkanoid_v4\arkanoid\Debug\link.3476-cvtres.read.1.tlog
C:\Documents and Settings\Alex\Рабочий стол\arkanoid_v4\arkanoid\Debug\link.3476-cvtres.write.1.tlog
C:\Documents and Settings\Alex\Рабочий стол\arkanoid_v4\arkanoid\Debug\link.3484.read.1.tlog
C:\Documents and Settings\Alex\Рабочий стол\arkanoid_v4\arkanoid\Debug\link.3484.write.1.tlog
C:\Documents and Settings\Alex\Рабочий стол\arkanoid_v4\arkanoid\Debug\link.3484-cvtres.read.1.tlog
C:\Documents and Settings\Alex\Рабочий стол\arkanoid_v4\arkanoid\Debug\link.3484-cvtres.write.1.tlog
C:\Documents and Settings\Alex\Рабочий стол\arkanoid_v4\arkanoid\Debug\link.3512.read.1.tlog
C:\Documents and Settings\Alex\Рабочий стол\arkanoid_v4\arkanoid\Debug\link.3512.write.1.tlog
C:\Documents and Settings\Alex\Рабочий стол\arkanoid_v4\arkanoid\Debug\link.3512-cvtres.read.1.tlog
C:\Documents and Settings\Alex\Рабочий стол\arkanoid_v4\arkanoid\Debug\link.3512-cvtres.write.1.tlog
C:\Documents and Settings\Alex\Рабочий стол\arkanoid_v4\arkanoid\Debug\link.3552.read.1.tlog
C:\Documents and Settings\Alex\Рабочий стол\arkanoid_v4\arkanoid\Debug\link.3552.write.1.tlog
C:\Documents and Settings\Alex\Рабочий стол\arkanoid_v4\arkanoid\Debug\link.3552-cvtres.read.1.tlog
C:\Documents and Settings\Alex\Рабочий стол\arkanoid_v4\arkanoid\Debug\link.3552-cvtres.write.1.tlog
C:\Documents and Settings\Alex\Рабочий стол\arkanoid_v4\arkanoid\Debug\link.3556.read.1.tlog
C:\Documents and Settings\Alex\Рабочий стол\arkanoid_v4\arkanoid\Debug\link.3556.write.1.tlog
C:\Documents and Settings\Alex\Рабочий стол\arkanoid_v4\arkanoid\Debug\link.3556-cvtres.read.1.tlog
C:\Documents and Settings\Alex\Рабочий стол\arkanoid_v4\arkanoid\Debug\link.3556-cvtres.write.1.tlog
C:\Documents and Settings\Alex\Рабочий стол\arkanoid_v4\arkanoid\Debug\link.3572.read.1.tlog
C:\Documents and Settings\Alex\Рабочий стол\arkanoid_v4\arkanoid\Debug\link.3572.write.1.tlog
C:\Documents and Settings\Alex\Рабочий стол\arkanoid_v4\arkanoid\Debug\link.3572-cvtres.read.1.tlog
C:\Documents and Settings\Alex\Рабочий стол\arkanoid_v4\arkanoid\Debug\link.3572-cvtres.write.1.tlog
C:\Documents and Settings\Alex\Рабочий стол\arkanoid_v4\arkanoid\Debug\link.3664.read.1.tlog
C:\Documents and Settings\Alex\Рабочий стол\arkanoid_v4\arkanoid\Debug\link.3664.write.1.tlog
C:\Documents and Settings\Alex\Рабочий стол\arkanoid_v4\arkanoid\Debug\link.3664-cvtres.read.1.tlog
C:\Documents and Settings\Alex\Рабочий стол\arkanoid_v4\arkanoid\Debug\link.3664-cvtres.write.1.tlog
C:\Documents and Settings\Alex\Рабочий стол\arkanoid_v4\arkanoid\Debug\link.3676.read.1.tlog
C:\Documents and Settings\Alex\Рабочий стол\arkanoid_v4\arkanoid\Debug\link.3676.write.1.tlog
C:\Documents and Settings\Alex\Рабочий стол\arkanoid_v4\arkanoid\Debug\link.3676-cvtres.read.1.tlog
C:\Documents and Settings\Alex\Рабочий стол\arkanoid_v4\arkanoid\Debug\link.3676-cvtres.write.1.tlog
C:\Documents and Settings\Alex\Рабочий стол\arkanoid_v4\arkanoid\Debug\link.3700.read.1.tlog
C:\Documents and Settings\Alex\Рабочий стол\arkanoid_v4\arkanoid\Debug\link.3700.write.1.tlog
C:\Documents and Settings\Alex\Рабочий стол\arkanoid_v4\arkanoid\Debug\link.3700-cvtres.read.1.tlog
C:\Documents and Settings\Alex\Рабочий стол\arkanoid_v4\arkanoid\Debug\link.3700-cvtres.write.1.tlog
C:\Documents and Settings\Alex\Рабочий стол\arkanoid_v4\arkanoid\Debug\link.3740.read.1.tlog
C:\Documents and Settings\Alex\Рабочий стол\arkanoid_v4\arkanoid\Debug\link.3740.write.1.tlog
C:\Documents and Settings\Alex\Рабочий стол\arkanoid_v4\arkanoid\Debug\link.3740-cvtres.read.1.tlog
C:\Documents and Settings\Alex\Рабочий стол\arkanoid_v4\arkanoid\Debug\link.3740-cvtres.write.1.tlog
C:\Documents and Settings\Alex\Рабочий стол\arkanoid_v4\arkanoid\Debug\link.3800.read.1.tlog
C:\Documents and Settings\Alex\Рабочий стол\arkanoid_v4\arkanoid\Debug\link.3800.write.1.tlog
C:\Documents and Settings\Alex\Рабочий стол\arkanoid_v4\arkanoid\Debug\link.3800-cvtres.read.1.tlog
C:\Documents and Settings\Alex\Рабочий стол\arkanoid_v4\arkanoid\Debug\link.3800-cvtres.write.1.tlog
C:\Documents and Settings\Alex\Рабочий стол\arkanoid_v4\arkanoid\Debug\link.3824.read.1.tlog
C:\Documents and Settings\Alex\Рабочий стол\arkanoid_v4\arkanoid\Debug\link.3824.write.1.tlog
C:\Documents and Settings\Alex\Рабочий стол\arkanoid_v4\arkanoid\Debug\link.3824-cvtres.read.1.tlog
C:\Documents and Settings\Alex\Рабочий стол\arkanoid_v4\arkanoid\Debug\link.3824-cvtres.write.1.tlog
C:\Documents and Settings\Alex\Рабочий стол\arkanoid_v4\arkanoid\Debug\link.3876.read.1.tlog
C:\Documents and Settings\Alex\Рабочий стол\arkanoid_v4\arkanoid\Debug\link.3876.write.1.tlog
C:\Documents and Settings\Alex\Рабочий стол\arkanoid_v4\arkanoid\Debug\link.3876-cvtres.read.1.tlog
C:\Documents and Settings\Alex\Рабочий стол\arkanoid_v4\arkanoid\Debug\link.3876-cvtres.write.1.tlog
C:\Documents and Settings\Alex\Рабочий стол\arkanoid_v4\arkanoid\Debug\link.388.read.1.tlog
C:\Documents and Settings\Alex\Рабочий стол\arkanoid_v4\arkanoid\Debug\link.388.write.1.tlog
C:\Documents and Settings\Alex\Рабочий стол\arkanoid_v4\arkanoid\Debug\link.388-cvtres.read.1.tlog
C:\Documents and Settings\Alex\Рабочий стол\arkanoid_v4\arkanoid\Debug\link.388-cvtres.write.1.tlog
C:\Documents and Settings\Alex\Рабочий стол\arkanoid_v4\arkanoid\Debug\link.3936.read.1.tlog
C:\Documents and Settings\Alex\Рабочий стол\arkanoid_v4\arkanoid\Debug\link.3936.write.1.tlog
C:\Documents and Settings\Alex\Рабочий стол\arkanoid_v4\arkanoid\Debug\link.3936-cvtres.read.1.tlog
C:\Documents and Settings\Alex\Рабочий стол\arkanoid_v4\arkanoid\Debug\link.3936-cvtres.write.1.tlog
C:\Documents and Settings\Alex\Рабочий стол\arkanoid_v4\arkanoid\Debug\link.3996.read.1.tlog
C:\Documents and Settings\Alex\Рабочий стол\arkanoid_v4\arkanoid\Debug\link.3996.write.1.tlog
C:\Documents and Settings\Alex\Рабочий стол\arkanoid_v4\arkanoid\Debug\link.3996-cvtres.read.1.tlog
C:\Documents and Settings\Alex\Рабочий стол\arkanoid_v4\arkanoid\Debug\link.3996-cvtres.write.1.tlog
C:\Documents and Settings\Alex\Рабочий стол\arkanoid_v4\arkanoid\Debug\link.4000.read.1.tlog
C:\Documents and Settings\Alex\Рабочий стол\arkanoid_v4\arkanoid\Debug\link.4000.write.1.tlog
C:\Documents and Settings\Alex\Рабочий стол\arkanoid_v4\arkanoid\Debug\link.4000-cvtres.read.1.tlog
C:\Documents and Settings\Alex\Рабочий стол\arkanoid_v4\arkanoid\Debug\link.4000-cvtres.write.1.tlog
C:\Documents and Settings\Alex\Рабочий стол\arkanoid_v4\arkanoid\Debug\link.4024.read.1.tlog
C:\Documents and Settings\Alex\Рабочий стол\arkanoid_v4\arkanoid\Debug\link.4024.write.1.tlog
C:\Documents and Settings\Alex\Рабочий стол\arkanoid_v4\arkanoid\Debug\link.4024-cvtres.read.1.tlog
C:\Documents and Settings\Alex\Рабочий стол\arkanoid_v4\arkanoid\Debug\link.4024-cvtres.write.1.tlog
C:\Documents and Settings\Alex\Рабочий стол\arkanoid_v4\arkanoid\Debug\link.4104.read.1.tlog
C:\Documents and Settings\Alex\Рабочий стол\arkanoid_v4\arkanoid\Debug\link.4104.write.1.tlog
C:\Documents and Settings\Alex\Рабочий стол\arkanoid_v4\arkanoid\Debug\link.4104-cvtres.read.1.tlog
C:\Documents and Settings\Alex\Рабочий стол\arkanoid_v4\arkanoid\Debug\link.4104-cvtres.write.1.tlog
C:\Documents and Settings\Alex\Рабочий стол\arkanoid_v4\arkanoid\Debug\link.4108.read.1.tlog
C:\Documents and Settings\Alex\Рабочий стол\arkanoid_v4\arkanoid\Debug\link.4108.write.1.tlog
C:\Documents and Settings\Alex\Рабочий стол\arkanoid_v4\arkanoid\Debug\link.4108-cvtres.read.1.tlog
C:\Documents and Settings\Alex\Рабочий стол\arkanoid_v4\arkanoid\Debug\link.4108-cvtres.write.1.tlog
C:\Documents and Settings\Alex\Рабочий стол\arkanoid_v4\arkanoid\Debug\link.4140.read.1.tlog
C:\Documents and Settings\Alex\Рабочий стол\arkanoid_v4\arkanoid\Debug\link.4140.write.1.tlog
C:\Documents and Settings\Alex\Рабочий стол\arkanoid_v4\arkanoid\Debug\link.4140-cvtres.read.1.tlog
C:\Documents and Settings\Alex\Рабочий стол\arkanoid_v4\arkanoid\Debug\link.4140-cvtres.write.1.tlog
C:\Documents and Settings\Alex\Рабочий стол\arkanoid_v4\arkanoid\Debug\link.420.read.1.tlog
C:\Documents and Settings\Alex\Рабочий стол\arkanoid_v4\arkanoid\Debug\link.420.write.1.tlog
C:\Documents and Settings\Alex\Рабочий стол\arkanoid_v4\arkanoid\Debug\link.420-cvtres.read.1.tlog
C:\Documents and Settings\Alex\Рабочий стол\arkanoid_v4\arkanoid\Debug\link.420-cvtres.write.1.tlog
C:\Documents and Settings\Alex\Рабочий стол\arkanoid_v4\arkanoid\Debug\link.4248.read.1.tlog
C:\Documents and Settings\Alex\Рабочий стол\arkanoid_v4\arkanoid\Debug\link.4248.write.1.tlog
C:\Documents and Settings\Alex\Рабочий стол\arkanoid_v4\arkanoid\Debug\link.4248-cvtres.read.1.tlog
C:\Documents and Settings\Alex\Рабочий стол\arkanoid_v4\arkanoid\Debug\link.4248-cvtres.write.1.tlog
C:\Documents and Settings\Alex\Рабочий стол\arkanoid_v4\arkanoid\Debug\link.4276.read.1.tlog
C:\Documents and Settings\Alex\Рабочий стол\arkanoid_v4\arkanoid\Debug\link.4276.write.1.tlog
C:\Documents and Settings\Alex\Рабочий стол\arkanoid_v4\arkanoid\Debug\link.4276-cvtres.read.1.tlog
C:\Documents and Settings\Alex\Рабочий стол\arkanoid_v4\arkanoid\Debug\link.4276-cvtres.write.1.tlog
C:\Documents and Settings\Alex\Рабочий стол\arkanoid_v4\arkanoid\Debug\link.4292.read.1.tlog
C:\Documents and Settings\Alex\Рабочий стол\arkanoid_v4\arkanoid\Debug\link.4292.write.1.tlog
C:\Documents and Settings\Alex\Рабочий стол\arkanoid_v4\arkanoid\Debug\link.4292-cvtres.read.1.tlog
C:\Documents and Settings\Alex\Рабочий стол\arkanoid_v4\arkanoid\Debug\link.4292-cvtres.write.1.tlog
C:\Documents and Settings\Alex\Рабочий стол\arkanoid_v4\arkanoid\Debug\link.4308.read.1.tlog
C:\Documents and Settings\Alex\Рабочий стол\arkanoid_v4\arkanoid\Debug\link.4308.write.1.tlog
C:\Documents and Settings\Alex\Рабочий стол\arkanoid_v4\arkanoid\Debug\link.4308-cvtres.read.1.tlog
C:\Documents and Settings\Alex\Рабочий стол\arkanoid_v4\arkanoid\Debug\link.4308-cvtres.write.1.tlog
C:\Documents and Settings\Alex\Рабочий стол\arkanoid_v4\arkanoid\Debug\link.4316.read.1.tlog
C:\Documents and Settings\Alex\Рабочий стол\arkanoid_v4\arkanoid\Debug\link.4316.write.1.tlog
C:\Documents and Settings\Alex\Рабочий стол\arkanoid_v4\arkanoid\Debug\link.4316-cvtres.read.1.tlog
C:\Documents and Settings\Alex\Рабочий стол\arkanoid_v4\arkanoid\Debug\link.4316-cvtres.write.1.tlog
C:\Documents and Settings\Alex\Рабочий стол\arkanoid_v4\arkanoid\Debug\link.4372.read.1.tlog
C:\Documents and Settings\Alex\Рабочий стол\arkanoid_v4\arkanoid\Debug\link.4372.write.1.tlog
C:\Documents and Settings\Alex\Рабочий стол\arkanoid_v4\arkanoid\Debug\link.4372-cvtres.read.1.tlog
C:\Documents and Settings\Alex\Рабочий стол\arkanoid_v4\arkanoid\Debug\link.4372-cvtres.write.1.tlog
C:\Documents and Settings\Alex\Рабочий стол\arkanoid_v4\arkanoid\Debug\link.4400.read.1.tlog
C:\Documents and Settings\Alex\Рабочий стол\arkanoid_v4\arkanoid\Debug\link.4400.write.1.tlog
C:\Documents and Settings\Alex\Рабочий стол\arkanoid_v4\arkanoid\Debug\link.4400-cvtres.read.1.tlog
C:\Documents and Settings\Alex\Рабочий стол\arkanoid_v4\arkanoid\Debug\link.4400-cvtres.write.1.tlog
C:\Documents and Settings\Alex\Рабочий стол\arkanoid_v4\arkanoid\Debug\link.4420.read.1.tlog
C:\Documents and Settings\Alex\Рабочий стол\arkanoid_v4\arkanoid\Debug\link.4420.write.1.tlog
C:\Documents and Settings\Alex\Рабочий стол\arkanoid_v4\arkanoid\Debug\link.4420-cvtres.read.1.tlog
C:\Documents and Settings\Alex\Рабочий стол\arkanoid_v4\arkanoid\Debug\link.4420-cvtres.write.1.tlog
C:\Documents and Settings\Alex\Рабочий стол\arkanoid_v4\arkanoid\Debug\link.4436.read.1.tlog
C:\Documents and Settings\Alex\Рабочий стол\arkanoid_v4\arkanoid\Debug\link.4436.write.1.tlog
C:\Documents and Settings\Alex\Рабочий стол\arkanoid_v4\arkanoid\Debug\link.4436-cvtres.read.1.tlog
C:\Documents and Settings\Alex\Рабочий стол\arkanoid_v4\arkanoid\Debug\link.4436-cvtres.write.1.tlog
C:\Documents and Settings\Alex\Рабочий стол\arkanoid_v4\arkanoid\Debug\link.4448.read.1.tlog
C:\Documents and Settings\Alex\Рабочий стол\arkanoid_v4\arkanoid\Debug\link.4448.write.1.tlog
C:\Documents and Settings\Alex\Рабочий стол\arkanoid_v4\arkanoid\Debug\link.4448-cvtres.read.1.tlog
C:\Documents and Settings\Alex\Рабочий стол\arkanoid_v4\arkanoid\Debug\link.4448-cvtres.write.1.tlog
C:\Documents and Settings\Alex\Рабочий стол\arkanoid_v4\arkanoid\Debug\link.4452.read.1.tlog
C:\Documents and Settings\Alex\Рабочий стол\arkanoid_v4\arkanoid\Debug\link.4452.write.1.tlog
C:\Documents and Settings\Alex\Рабочий стол\arkanoid_v4\arkanoid\Debug\link.4452-cvtres.read.1.tlog
C:\Documents and Settings\Alex\Рабочий стол\arkanoid_v4\arkanoid\Debug\link.4452-cvtres.write.1.tlog
C:\Documents and Settings\Alex\Рабочий стол\arkanoid_v4\arkanoid\Debug\link.4464.read.1.tlog
C:\Documents and Settings\Alex\Рабочий стол\arkanoid_v4\arkanoid\Debug\link.4464.write.1.tlog
C:\Documents and Settings\Alex\Рабочий стол\arkanoid_v4\arkanoid\Debug\link.4464-cvtres.read.1.tlog
C:\Documents and Settings\Alex\Рабочий стол\arkanoid_v4\arkanoid\Debug\link.4464-cvtres.write.1.tlog
C:\Documents and Settings\Alex\Рабочий стол\arkanoid_v4\arkanoid\Debug\link.4520.read.1.tlog
C:\Documents and Settings\Alex\Рабочий стол\arkanoid_v4\arkanoid\Debug\link.4520.write.1.tlog
C:\Documents and Settings\Alex\Рабочий стол\arkanoid_v4\arkanoid\Debug\link.4520-cvtres.read.1.tlog
C:\Documents and Settings\Alex\Рабочий стол\arkanoid_v4\arkanoid\Debug\link.4520-cvtres.write.1.tlog
C:\Documents and Settings\Alex\Рабочий стол\arkanoid_v4\arkanoid\Debug\link.4528.read.1.tlog
C:\Documents and Settings\Alex\Рабочий стол\arkanoid_v4\arkanoid\Debug\link.4528.write.1.tlog
C:\Documents and Settings\Alex\Рабочий стол\arkanoid_v4\arkanoid\Debug\link.4528-cvtres.read.1.tlog
C:\Documents and Settings\Alex\Рабочий стол\arkanoid_v4\arkanoid\Debug\link.4528-cvtres.write.1.tlog
C:\Documents and Settings\Alex\Рабочий стол\arkanoid_v4\arkanoid\Debug\link.4532.read.1.tlog
C:\Documents and Settings\Alex\Рабочий стол\arkanoid_v4\arkanoid\Debug\link.4532.write.1.tlog
C:\Documents and Settings\Alex\Рабочий стол\arkanoid_v4\arkanoid\Debug\link.4532-cvtres.read.1.tlog
C:\Documents and Settings\Alex\Рабочий стол\arkanoid_v4\arkanoid\Debug\link.4532-cvtres.write.1.tlog
C:\Documents and Settings\Alex\Рабочий стол\arkanoid_v4\arkanoid\Debug\link.4548.read.1.tlog
C:\Documents and Settings\Alex\Рабочий стол\arkanoid_v4\arkanoid\Debug\link.4548.write.1.tlog
C:\Documents and Settings\Alex\Рабочий стол\arkanoid_v4\arkanoid\Debug\link.4548-cvtres.read.1.tlog
C:\Documents and Settings\Alex\Рабочий стол\arkanoid_v4\arkanoid\Debug\link.4548-cvtres.write.1.tlog
C:\Documents and Settings\Alex\Рабочий стол\arkanoid_v4\arkanoid\Debug\link.4564.read.1.tlog
C:\Documents and Settings\Alex\Рабочий стол\arkanoid_v4\arkanoid\Debug\link.4564.write.1.tlog
C:\Documents and Settings\Alex\Рабочий стол\arkanoid_v4\arkanoid\Debug\link.4564-cvtres.read.1.tlog
C:\Documents and Settings\Alex\Рабочий стол\arkanoid_v4\arkanoid\Debug\link.4564-cvtres.write.1.tlog
C:\Documents and Settings\Alex\Рабочий стол\arkanoid_v4\arkanoid\Debug\link.460.read.1.tlog
C:\Documents and Settings\Alex\Рабочий стол\arkanoid_v4\arkanoid\Debug\link.460.write.1.tlog
C:\Documents and Settings\Alex\Рабочий стол\arkanoid_v4\arkanoid\Debug\link.460-cvtres.read.1.tlog
C:\Documents and Settings\Alex\Рабочий стол\arkanoid_v4\arkanoid\Debug\link.460-cvtres.write.1.tlog
C:\Documents and Settings\Alex\Рабочий стол\arkanoid_v4\arkanoid\Debug\link.4644.read.1.tlog
C:\Documents and Settings\Alex\Рабочий стол\arkanoid_v4\arkanoid\Debug\link.4644.write.1.tlog
C:\Documents and Settings\Alex\Рабочий стол\arkanoid_v4\arkanoid\Debug\link.4644-cvtres.read.1.tlog
C:\Documents and Settings\Alex\Рабочий стол\arkanoid_v4\arkanoid\Debug\link.4644-cvtres.write.1.tlog
C:\Documents and Settings\Alex\Рабочий стол\arkanoid_v4\arkanoid\Debug\link.4652.read.1.tlog
C:\Documents and Settings\Alex\Рабочий стол\arkanoid_v4\arkanoid\Debug\link.4652.write.1.tlog
C:\Documents and Settings\Alex\Рабочий стол\arkanoid_v4\arkanoid\Debug\link.4652-cvtres.read.1.tlog
C:\Documents and Settings\Alex\Рабочий стол\arkanoid_v4\arkanoid\Debug\link.4652-cvtres.write.1.tlog
C:\Documents and Settings\Alex\Рабочий стол\arkanoid_v4\arkanoid\Debug\link.4660.read.1.tlog
C:\Documents and Settings\Alex\Рабочий стол\arkanoid_v4\arkanoid\Debug\link.4660.write.1.tlog
C:\Documents and Settings\Alex\Рабочий стол\arkanoid_v4\arkanoid\Debug\link.4660-cvtres.read.1.tlog
C:\Documents and Settings\Alex\Рабочий стол\arkanoid_v4\arkanoid\Debug\link.4660-cvtres.write.1.tlog
C:\Documents and Settings\Alex\Рабочий стол\arkanoid_v4\arkanoid\Debug\link.4664.read.1.tlog
C:\Documents and Settings\Alex\Рабочий стол\arkanoid_v4\arkanoid\Debug\link.4664.write.1.tlog
C:\Documents and Settings\Alex\Рабочий стол\arkanoid_v4\arkanoid\Debug\link.4664-cvtres.read.1.tlog
C:\Documents and Settings\Alex\Рабочий стол\arkanoid_v4\arkanoid\Debug\link.4664-cvtres.write.1.tlog
C:\Documents and Settings\Alex\Рабочий стол\arkanoid_v4\arkanoid\Debug\link.4672.read.1.tlog
C:\Documents and Settings\Alex\Рабочий стол\arkanoid_v4\arkanoid\Debug\link.4672.write.1.tlog
C:\Documents and Settings\Alex\Рабочий стол\arkanoid_v4\arkanoid\Debug\link.4672-cvtres.read.1.tlog
C:\Documents and Settings\Alex\Рабочий стол\arkanoid_v4\arkanoid\Debug\link.4672-cvtres.write.1.tlog
C:\Documents and Settings\Alex\Рабочий стол\arkanoid_v4\arkanoid\Debug\link.4680.read.1.tlog
C:\Documents and Settings\Alex\Рабочий стол\arkanoid_v4\arkanoid\Debug\link.4680.write.1.tlog
C:\Documents and Settings\Alex\Рабочий стол\arkanoid_v4\arkanoid\Debug\link.4680-cvtres.read.1.tlog
C:\Documents and Settings\Alex\Рабочий стол\arkanoid_v4\arkanoid\Debug\link.4680-cvtres.write.1.tlog
C:\Documents and Settings\Alex\Рабочий стол\arkanoid_v4\arkanoid\Debug\link.4688.read.1.tlog
C:\Documents and Settings\Alex\Рабочий стол\arkanoid_v4\arkanoid\Debug\link.4688.write.1.tlog
C:\Documents and Settings\Alex\Рабочий стол\arkanoid_v4\arkanoid\Debug\link.4688-cvtres.read.1.tlog
C:\Documents and Settings\Alex\Рабочий стол\arkanoid_v4\arkanoid\Debug\link.4688-cvtres.write.1.tlog
C:\Documents and Settings\Alex\Рабочий стол\arkanoid_v4\arkanoid\Debug\link.4704.read.1.tlog
C:\Documents and Settings\Alex\Рабочий стол\arkanoid_v4\arkanoid\Debug\link.4704.write.1.tlog
C:\Documents and Settings\Alex\Рабочий стол\arkanoid_v4\arkanoid\Debug\link.4704-cvtres.read.1.tlog
C:\Documents and Settings\Alex\Рабочий стол\arkanoid_v4\arkanoid\Debug\link.4704-cvtres.write.1.tlog
C:\Documents and Settings\Alex\Рабочий стол\arkanoid_v4\arkanoid\Debug\link.4712.read.1.tlog
C:\Documents and Settings\Alex\Рабочий стол\arkanoid_v4\arkanoid\Debug\link.4712.write.1.tlog
C:\Documents and Settings\Alex\Рабочий стол\arkanoid_v4\arkanoid\Debug\link.4712-cvtres.read.1.tlog
C:\Documents and Settings\Alex\Рабочий стол\arkanoid_v4\arkanoid\Debug\link.4712-cvtres.write.1.tlog
C:\Documents and Settings\Alex\Рабочий стол\arkanoid_v4\arkanoid\Debug\link.4744.read.1.tlog
C:\Documents and Settings\Alex\Рабочий стол\arkanoid_v4\arkanoid\Debug\link.4744.write.1.tlog
C:\Documents and Settings\Alex\Рабочий стол\arkanoid_v4\arkanoid\Debug\link.4744-cvtres.read.1.tlog
C:\Documents and Settings\Alex\Рабочий стол\arkanoid_v4\arkanoid\Debug\link.4744-cvtres.write.1.tlog
C:\Documents and Settings\Alex\Рабочий стол\arkanoid_v4\arkanoid\Debug\link.4760.read.1.tlog
C:\Documents and Settings\Alex\Рабочий стол\arkanoid_v4\arkanoid\Debug\link.4760.write.1.tlog
C:\Documents and Settings\Alex\Рабочий стол\arkanoid_v4\arkanoid\Debug\link.4760-cvtres.read.1.tlog
C:\Documents and Settings\Alex\Рабочий стол\arkanoid_v4\arkanoid\Debug\link.4760-cvtres.write.1.tlog
C:\Documents and Settings\Alex\Рабочий стол\arkanoid_v4\arkanoid\Debug\link.4764.read.1.tlog
C:\Documents and Settings\Alex\Рабочий стол\arkanoid_v4\arkanoid\Debug\link.4764.write.1.tlog
C:\Documents and Settings\Alex\Рабочий стол\arkanoid_v4\arkanoid\Debug\link.4764-cvtres.read.1.tlog
C:\Documents and Settings\Alex\Рабочий стол\arkanoid_v4\arkanoid\Debug\link.4764-cvtres.write.1.tlog
C:\Documents and Settings\Alex\Рабочий стол\arkanoid_v4\arkanoid\Debug\link.4788.read.1.tlog
C:\Documents and Settings\Alex\Рабочий стол\arkanoid_v4\arkanoid\Debug\link.4788.write.1.tlog
C:\Documents and Settings\Alex\Рабочий стол\arkanoid_v4\arkanoid\Debug\link.4788-cvtres.read.1.tlog
C:\Documents and Settings\Alex\Рабочий стол\arkanoid_v4\arkanoid\Debug\link.4788-cvtres.write.1.tlog
C:\Documents and Settings\Alex\Рабочий стол\arkanoid_v4\arkanoid\Debug\link.480.read.1.tlog
C:\Documents and Settings\Alex\Рабочий стол\arkanoid_v4\arkanoid\Debug\link.480.write.1.tlog
C:\Documents and Settings\Alex\Рабочий стол\arkanoid_v4\arkanoid\Debug\link.4804.read.1.tlog
C:\Documents and Settings\Alex\Рабочий стол\arkanoid_v4\arkanoid\Debug\link.4804.write.1.tlog
C:\Documents and Settings\Alex\Рабочий стол\arkanoid_v4\arkanoid\Debug\link.4804-cvtres.read.1.tlog
C:\Documents and Settings\Alex\Рабочий стол\arkanoid_v4\arkanoid\Debug\link.4804-cvtres.write.1.tlog
C:\Documents and Settings\Alex\Рабочий стол\arkanoid_v4\arkanoid\Debug\link.480-cvtres.read.1.tlog
C:\Documents and Settings\Alex\Рабочий стол\arkanoid_v4\arkanoid\Debug\link.480-cvtres.write.1.tlog
C:\Documents and Settings\Alex\Рабочий стол\arkanoid_v4\arkanoid\Debug\link.4812.read.1.tlog
C:\Documents and Settings\Alex\Рабочий стол\arkanoid_v4\arkanoid\Debug\link.4812.write.1.tlog
C:\Documents and Settings\Alex\Рабочий стол\arkanoid_v4\arkanoid\Debug\link.4812-cvtres.read.1.tlog
C:\Documents and Settings\Alex\Рабочий стол\arkanoid_v4\arkanoid\Debug\link.4812-cvtres.write.1.tlog
C:\Documents and Settings\Alex\Рабочий стол\arkanoid_v4\arkanoid\Debug\link.4844.read.1.tlog
C:\Documents and Settings\Alex\Рабочий стол\arkanoid_v4\arkanoid\Debug\link.4844.write.1.tlog
C:\Documents and Settings\Alex\Рабочий стол\arkanoid_v4\arkanoid\Debug\link.4844-cvtres.read.1.tlog
C:\Documents and Settings\Alex\Рабочий стол\arkanoid_v4\arkanoid\Debug\link.4844-cvtres.write.1.tlog
C:\Documents and Settings\Alex\Рабочий стол\arkanoid_v4\arkanoid\Debug\link.4856.read.1.tlog
C:\Documents and Settings\Alex\Рабочий стол\arkanoid_v4\arkanoid\Debug\link.4856.write.1.tlog
C:\Documents and Settings\Alex\Рабочий стол\arkanoid_v4\arkanoid\Debug\link.4856-cvtres.read.1.tlog
C:\Documents and Settings\Alex\Рабочий стол\arkanoid_v4\arkanoid\Debug\link.4856-cvtres.write.1.tlog
C:\Documents and Settings\Alex\Рабочий стол\arkanoid_v4\arkanoid\Debug\link.4860.read.1.tlog
C:\Documents and Settings\Alex\Рабочий стол\arkanoid_v4\arkanoid\Debug\link.4860.write.1.tlog
C:\Documents and Settings\Alex\Рабочий стол\arkanoid_v4\arkanoid\Debug\link.4860-cvtres.read.1.tlog
C:\Documents and Settings\Alex\Рабочий стол\arkanoid_v4\arkanoid\Debug\link.4860-cvtres.write.1.tlog
C:\Documents and Settings\Alex\Рабочий стол\arkanoid_v4\arkanoid\Debug\link.4864.read.1.tlog
C:\Documents and Settings\Alex\Рабочий стол\arkanoid_v4\arkanoid\Debug\link.4864.write.1.tlog
C:\Documents and Settings\Alex\Рабочий стол\arkanoid_v4\arkanoid\Debug\link.4864-cvtres.read.1.tlog
C:\Documents and Settings\Alex\Рабочий стол\arkanoid_v4\arkanoid\Debug\link.4864-cvtres.write.1.tlog
C:\Documents and Settings\Alex\Рабочий стол\arkanoid_v4\arkanoid\Debug\link.4880.read.1.tlog
C:\Documents and Settings\Alex\Рабочий стол\arkanoid_v4\arkanoid\Debug\link.4880.write.1.tlog
C:\Documents and Settings\Alex\Рабочий стол\arkanoid_v4\arkanoid\Debug\link.4880-cvtres.read.1.tlog
C:\Documents and Settings\Alex\Рабочий стол\arkanoid_v4\arkanoid\Debug\link.4880-cvtres.write.1.tlog
C:\Documents and Settings\Alex\Рабочий стол\arkanoid_v4\arkanoid\Debug\link.4896.read.1.tlog
C:\Documents and Settings\Alex\Рабочий стол\arkanoid_v4\arkanoid\Debug\link.4896.write.1.tlog
C:\Documents and Settings\Alex\Рабочий стол\arkanoid_v4\arkanoid\Debug\link.4896-cvtres.read.1.tlog
C:\Documents and Settings\Alex\Рабочий стол\arkanoid_v4\arkanoid\Debug\link.4896-cvtres.write.1.tlog
C:\Documents and Settings\Alex\Рабочий стол\arkanoid_v4\arkanoid\Debug\link.4900.read.1.tlog
C:\Documents and Settings\Alex\Рабочий стол\arkanoid_v4\arkanoid\Debug\link.4900.write.1.tlog
C:\Documents and Settings\Alex\Рабочий стол\arkanoid_v4\arkanoid\Debug\link.4900-cvtres.read.1.tlog
C:\Documents and Settings\Alex\Рабочий стол\arkanoid_v4\arkanoid\Debug\link.4900-cvtres.write.1.tlog
C:\Documents and Settings\Alex\Рабочий стол\arkanoid_v4\arkanoid\Debug\link.4912.read.1.tlog
C:\Documents and Settings\Alex\Рабочий стол\arkanoid_v4\arkanoid\Debug\link.4912.write.1.tlog
C:\Documents and Settings\Alex\Рабочий стол\arkanoid_v4\arkanoid\Debug\link.4912-cvtres.read.1.tlog
C:\Documents and Settings\Alex\Рабочий стол\arkanoid_v4\arkanoid\Debug\link.4912-cvtres.write.1.tlog
C:\Documents and Settings\Alex\Рабочий стол\arkanoid_v4\arkanoid\Debug\link.4924.read.1.tlog
C:\Documents and Settings\Alex\Рабочий стол\arkanoid_v4\arkanoid\Debug\link.4924.write.1.tlog
C:\Documents and Settings\Alex\Рабочий стол\arkanoid_v4\arkanoid\Debug\link.4924-cvtres.read.1.tlog
C:\Documents and Settings\Alex\Рабочий стол\arkanoid_v4\arkanoid\Debug\link.4924-cvtres.write.1.tlog
C:\Documents and Settings\Alex\Рабочий стол\arkanoid_v4\arkanoid\Debug\link.4928.read.1.tlog
C:\Documents and Settings\Alex\Рабочий стол\arkanoid_v4\arkanoid\Debug\link.4928.write.1.tlog
C:\Documents and Settings\Alex\Рабочий стол\arkanoid_v4\arkanoid\Debug\link.4928-cvtres.read.1.tlog
C:\Documents and Settings\Alex\Рабочий стол\arkanoid_v4\arkanoid\Debug\link.4928-cvtres.write.1.tlog
C:\Documents and Settings\Alex\Рабочий стол\arkanoid_v4\arkanoid\Debug\link.4952.read.1.tlog
C:\Documents and Settings\Alex\Рабочий стол\arkanoid_v4\arkanoid\Debug\link.4952.write.1.tlog
C:\Documents and Settings\Alex\Рабочий стол\arkanoid_v4\arkanoid\Debug\link.4952-cvtres.read.1.tlog
C:\Documents and Settings\Alex\Рабочий стол\arkanoid_v4\arkanoid\Debug\link.4952-cvtres.write.1.tlog
C:\Documents and Settings\Alex\Рабочий стол\arkanoid_v4\arkanoid\Debug\link.4956.read.1.tlog
C:\Documents and Settings\Alex\Рабочий стол\arkanoid_v4\arkanoid\Debug\link.4956.write.1.tlog
C:\Documents and Settings\Alex\Рабочий стол\arkanoid_v4\arkanoid\Debug\link.4956-cvtres.read.1.tlog
C:\Documents and Settings\Alex\Рабочий стол\arkanoid_v4\arkanoid\Debug\link.4956-cvtres.write.1.tlog
C:\Documents and Settings\Alex\Рабочий стол\arkanoid_v4\arkanoid\Debug\link.4972.read.1.tlog
C:\Documents and Settings\Alex\Рабочий стол\arkanoid_v4\arkanoid\Debug\link.4972.write.1.tlog
C:\Documents and Settings\Alex\Рабочий стол\arkanoid_v4\arkanoid\Debug\link.4972-cvtres.read.1.tlog
C:\Documents and Settings\Alex\Рабочий стол\arkanoid_v4\arkanoid\Debug\link.4972-cvtres.write.1.tlog
C:\Documents and Settings\Alex\Рабочий стол\arkanoid_v4\arkanoid\Debug\link.4976.read.1.tlog
C:\Documents and Settings\Alex\Рабочий стол\arkanoid_v4\arkanoid\Debug\link.4976.write.1.tlog
C:\Documents and Settings\Alex\Рабочий стол\arkanoid_v4\arkanoid\Debug\link.4976-cvtres.read.1.tlog
C:\Documents and Settings\Alex\Рабочий стол\arkanoid_v4\arkanoid\Debug\link.4976-cvtres.write.1.tlog
C:\Documents and Settings\Alex\Рабочий стол\arkanoid_v4\arkanoid\Debug\link.4992.read.1.tlog
C:\Documents and Settings\Alex\Рабочий стол\arkanoid_v4\arkanoid\Debug\link.4992.write.1.tlog
C:\Documents and Settings\Alex\Рабочий стол\arkanoid_v4\arkanoid\Debug\link.4992-cvtres.read.1.tlog
C:\Documents and Settings\Alex\Рабочий стол\arkanoid_v4\arkanoid\Debug\link.4992-cvtres.write.1.tlog
C:\Documents and Settings\Alex\Рабочий стол\arkanoid_v4\arkanoid\Debug\link.5012.read.1.tlog
C:\Documents and Settings\Alex\Рабочий стол\arkanoid_v4\arkanoid\Debug\link.5012.write.1.tlog
C:\Documents and Settings\Alex\Рабочий стол\arkanoid_v4\arkanoid\Debug\link.5012-cvtres.read.1.tlog
C:\Documents and Settings\Alex\Рабочий стол\arkanoid_v4\arkanoid\Debug\link.5012-cvtres.write.1.tlog
C:\Documents and Settings\Alex\Рабочий стол\arkanoid_v4\arkanoid\Debug\link.5016.read.1.tlog
C:\Documents and Settings\Alex\Рабочий стол\arkanoid_v4\arkanoid\Debug\link.5016.write.1.tlog
C:\Documents and Settings\Alex\Рабочий стол\arkanoid_v4\arkanoid\Debug\link.5016-cvtres.read.1.tlog
C:\Documents and Settings\Alex\Рабочий стол\arkanoid_v4\arkanoid\Debug\link.5016-cvtres.write.1.tlog
C:\Documents and Settings\Alex\Рабочий стол\arkanoid_v4\arkanoid\Debug\link.5028.read.1.tlog
C:\Documents and Settings\Alex\Рабочий стол\arkanoid_v4\arkanoid\Debug\link.5028.write.1.tlog
C:\Documents and Settings\Alex\Рабочий стол\arkanoid_v4\arkanoid\Debug\link.5028-cvtres.read.1.tlog
C:\Documents and Settings\Alex\Рабочий стол\arkanoid_v4\arkanoid\Debug\link.5028-cvtres.write.1.tlog
C:\Documents and Settings\Alex\Рабочий стол\arkanoid_v4\arkanoid\Debug\link.5084.read.1.tlog
C:\Documents and Settings\Alex\Рабочий стол\arkanoid_v4\arkanoid\Debug\link.5084.write.1.tlog
C:\Documents and Settings\Alex\Рабочий стол\arkanoid_v4\arkanoid\Debug\link.5084-cvtres.read.1.tlog
C:\Documents and Settings\Alex\Рабочий стол\arkanoid_v4\arkanoid\Debug\link.5084-cvtres.write.1.tlog
C:\Documents and Settings\Alex\Рабочий стол\arkanoid_v4\arkanoid\Debug\link.5096.read.1.tlog
C:\Documents and Settings\Alex\Рабочий стол\arkanoid_v4\arkanoid\Debug\link.5096.write.1.tlog
C:\Documents and Settings\Alex\Рабочий стол\arkanoid_v4\arkanoid\Debug\link.5096-cvtres.read.1.tlog
C:\Documents and Settings\Alex\Рабочий стол\arkanoid_v4\arkanoid\Debug\link.5096-cvtres.write.1.tlog
C:\Documents and Settings\Alex\Рабочий стол\arkanoid_v4\arkanoid\Debug\link.5100.read.1.tlog
C:\Documents and Settings\Alex\Рабочий стол\arkanoid_v4\arkanoid\Debug\link.5100.write.1.tlog
C:\Documents and Settings\Alex\Рабочий стол\arkanoid_v4\arkanoid\Debug\link.5100-cvtres.read.1.tlog
C:\Documents and Settings\Alex\Рабочий стол\arkanoid_v4\arkanoid\Debug\link.5100-cvtres.write.1.tlog
C:\Documents and Settings\Alex\Рабочий стол\arkanoid_v4\arkanoid\Debug\link.5104.read.1.tlog
C:\Documents and Settings\Alex\Рабочий стол\arkanoid_v4\arkanoid\Debug\link.5104.write.1.tlog
C:\Documents and Settings\Alex\Рабочий стол\arkanoid_v4\arkanoid\Debug\link.5104-cvtres.read.1.tlog
C:\Documents and Settings\Alex\Рабочий стол\arkanoid_v4\arkanoid\Debug\link.5104-cvtres.write.1.tlog
C:\Documents and Settings\Alex\Рабочий стол\arkanoid_v4\arkanoid\Debug\link.5124.read.1.tlog
C:\Documents and Settings\Alex\Рабочий стол\arkanoid_v4\arkanoid\Debug\link.5124.write.1.tlog
C:\Documents and Settings\Alex\Рабочий стол\arkanoid_v4\arkanoid\Debug\link.5124-cvtres.read.1.tlog
C:\Documents and Settings\Alex\Рабочий стол\arkanoid_v4\arkanoid\Debug\link.5124-cvtres.write.1.tlog
C:\Documents and Settings\Alex\Рабочий стол\arkanoid_v4\arkanoid\Debug\link.5144.read.1.tlog
C:\Documents and Settings\Alex\Рабочий стол\arkanoid_v4\arkanoid\Debug\link.5144.write.1.tlog
C:\Documents and Settings\Alex\Рабочий стол\arkanoid_v4\arkanoid\Debug\link.5144-cvtres.read.1.tlog
C:\Documents and Settings\Alex\Рабочий стол\arkanoid_v4\arkanoid\Debug\link.5144-cvtres.write.1.tlog
C:\Documents and Settings\Alex\Рабочий стол\arkanoid_v4\arkanoid\Debug\link.5160.read.1.tlog
C:\Documents and Settings\Alex\Рабочий стол\arkanoid_v4\arkanoid\Debug\link.5160.write.1.tlog
C:\Documents and Settings\Alex\Рабочий стол\arkanoid_v4\arkanoid\Debug\link.5160-cvtres.read.1.tlog
C:\Documents and Settings\Alex\Рабочий стол\arkanoid_v4\arkanoid\Debug\link.5160-cvtres.write.1.tlog
C:\Documents and Settings\Alex\Рабочий стол\arkanoid_v4\arkanoid\Debug\link.5180.read.1.tlog
C:\Documents and Settings\Alex\Рабочий стол\arkanoid_v4\arkanoid\Debug\link.5180.write.1.tlog
C:\Documents and Settings\Alex\Рабочий стол\arkanoid_v4\arkanoid\Debug\link.5180-cvtres.read.1.tlog
C:\Documents and Settings\Alex\Рабочий стол\arkanoid_v4\arkanoid\Debug\link.5180-cvtres.write.1.tlog
C:\Documents and Settings\Alex\Рабочий стол\arkanoid_v4\arkanoid\Debug\link.5184.read.1.tlog
C:\Documents and Settings\Alex\Рабочий стол\arkanoid_v4\arkanoid\Debug\link.5184.write.1.tlog
C:\Documents and Settings\Alex\Рабочий стол\arkanoid_v4\arkanoid\Debug\link.5184-cvtres.read.1.tlog
C:\Documents and Settings\Alex\Рабочий стол\arkanoid_v4\arkanoid\Debug\link.5184-cvtres.write.1.tlog
C:\Documents and Settings\Alex\Рабочий стол\arkanoid_v4\arkanoid\Debug\link.520.read.1.tlog
C:\Documents and Settings\Alex\Рабочий стол\arkanoid_v4\arkanoid\Debug\link.520.write.1.tlog
C:\Documents and Settings\Alex\Рабочий стол\arkanoid_v4\arkanoid\Debug\link.5208.read.1.tlog
C:\Documents and Settings\Alex\Рабочий стол\arkanoid_v4\arkanoid\Debug\link.5208.write.1.tlog
C:\Documents and Settings\Alex\Рабочий стол\arkanoid_v4\arkanoid\Debug\link.5208-cvtres.read.1.tlog
C:\Documents and Settings\Alex\Рабочий стол\arkanoid_v4\arkanoid\Debug\link.5208-cvtres.write.1.tlog
C:\Documents and Settings\Alex\Рабочий стол\arkanoid_v4\arkanoid\Debug\link.520-cvtres.read.1.tlog
C:\Documents and Settings\Alex\Рабочий стол\arkanoid_v4\arkanoid\Debug\link.520-cvtres.write.1.tlog
C:\Documents and Settings\Alex\Рабочий стол\arkanoid_v4\arkanoid\Debug\link.5232.read.1.tlog
C:\Documents and Settings\Alex\Рабочий стол\arkanoid_v4\arkanoid\Debug\link.5232.write.1.tlog
C:\Documents and Settings\Alex\Рабочий стол\arkanoid_v4\arkanoid\Debug\link.5232-cvtres.read.1.tlog
C:\Documents and Settings\Alex\Рабочий стол\arkanoid_v4\arkanoid\Debug\link.5232-cvtres.write.1.tlog
C:\Documents and Settings\Alex\Рабочий стол\arkanoid_v4\arkanoid\Debug\link.5260.read.1.tlog
C:\Documents and Settings\Alex\Рабочий стол\arkanoid_v4\arkanoid\Debug\link.5260.write.1.tlog
C:\Documents and Settings\Alex\Рабочий стол\arkanoid_v4\arkanoid\Debug\link.5260-cvtres.read.1.tlog
C:\Documents and Settings\Alex\Рабочий стол\arkanoid_v4\arkanoid\Debug\link.5260-cvtres.write.1.tlog
C:\Documents and Settings\Alex\Рабочий стол\arkanoid_v4\arkanoid\Debug\link.5264.read.1.tlog
C:\Documents and Settings\Alex\Рабочий стол\arkanoid_v4\arkanoid\Debug\link.5264.write.1.tlog
C:\Documents and Settings\Alex\Рабочий стол\arkanoid_v4\arkanoid\Debug\link.5264-cvtres.read.1.tlog
C:\Documents and Settings\Alex\Рабочий стол\arkanoid_v4\arkanoid\Debug\link.5264-cvtres.write.1.tlog
C:\Documents and Settings\Alex\Рабочий стол\arkanoid_v4\arkanoid\Debug\link.5292.read.1.tlog
C:\Documents and Settings\Alex\Рабочий стол\arkanoid_v4\arkanoid\Debug\link.5292.write.1.tlog
C:\Documents and Settings\Alex\Рабочий стол\arkanoid_v4\arkanoid\Debug\link.5292-cvtres.read.1.tlog
C:\Documents and Settings\Alex\Рабочий стол\arkanoid_v4\arkanoid\Debug\link.5292-cvtres.write.1.tlog
C:\Documents and Settings\Alex\Рабочий стол\arkanoid_v4\arkanoid\Debug\link.5304.read.1.tlog
C:\Documents and Settings\Alex\Рабочий стол\arkanoid_v4\arkanoid\Debug\link.5304.write.1.tlog
C:\Documents and Settings\Alex\Рабочий стол\arkanoid_v4\arkanoid\Debug\link.5304-cvtres.read.1.tlog
C:\Documents and Settings\Alex\Рабочий стол\arkanoid_v4\arkanoid\Debug\link.5304-cvtres.write.1.tlog
C:\Documents and Settings\Alex\Рабочий стол\arkanoid_v4\arkanoid\Debug\link.5424.read.1.tlog
C:\Documents and Settings\Alex\Рабочий стол\arkanoid_v4\arkanoid\Debug\link.5424.write.1.tlog
C:\Documents and Settings\Alex\Рабочий стол\arkanoid_v4\arkanoid\Debug\link.5424-cvtres.read.1.tlog
C:\Documents and Settings\Alex\Рабочий стол\arkanoid_v4\arkanoid\Debug\link.5424-cvtres.write.1.tlog
C:\Documents and Settings\Alex\Рабочий стол\arkanoid_v4\arkanoid\Debug\link.5440.read.1.tlog
C:\Documents and Settings\Alex\Рабочий стол\arkanoid_v4\arkanoid\Debug\link.5440.write.1.tlog
C:\Documents and Settings\Alex\Рабочий стол\arkanoid_v4\arkanoid\Debug\link.5440-cvtres.read.1.tlog
C:\Documents and Settings\Alex\Рабочий стол\arkanoid_v4\arkanoid\Debug\link.5440-cvtres.write.1.tlog
C:\Documents and Settings\Alex\Рабочий стол\arkanoid_v4\arkanoid\Debug\link.5460.read.1.tlog
C:\Documents and Settings\Alex\Рабочий стол\arkanoid_v4\arkanoid\Debug\link.5460.write.1.tlog
C:\Documents and Settings\Alex\Рабочий стол\arkanoid_v4\arkanoid\Debug\link.5460-cvtres.read.1.tlog
C:\Documents and Settings\Alex\Рабочий стол\arkanoid_v4\arkanoid\Debug\link.5460-cvtres.write.1.tlog
C:\Documents and Settings\Alex\Рабочий стол\arkanoid_v4\arkanoid\Debug\link.5472.read.1.tlog
C:\Documents and Settings\Alex\Рабочий стол\arkanoid_v4\arkanoid\Debug\link.5472.write.1.tlog
C:\Documents and Settings\Alex\Рабочий стол\arkanoid_v4\arkanoid\Debug\link.5472-cvtres.read.1.tlog
C:\Documents and Settings\Alex\Рабочий стол\arkanoid_v4\arkanoid\Debug\link.5472-cvtres.write.1.tlog
C:\Documents and Settings\Alex\Рабочий стол\arkanoid_v4\arkanoid\Debug\link.5480.read.1.tlog
C:\Documents and Settings\Alex\Рабочий стол\arkanoid_v4\arkanoid\Debug\link.5480.write.1.tlog
C:\Documents and Settings\Alex\Рабочий стол\arkanoid_v4\arkanoid\Debug\link.5480-cvtres.read.1.tlog
C:\Documents and Settings\Alex\Рабочий стол\arkanoid_v4\arkanoid\Debug\link.5480-cvtres.write.1.tlog
C:\Documents and Settings\Alex\Рабочий стол\arkanoid_v4\arkanoid\Debug\link.5488.read.1.tlog
C:\Documents and Settings\Alex\Рабочий стол\arkanoid_v4\arkanoid\Debug\link.5488.write.1.tlog
C:\Documents and Settings\Alex\Рабочий стол\arkanoid_v4\arkanoid\Debug\link.5488-cvtres.read.1.tlog
C:\Documents and Settings\Alex\Рабочий стол\arkanoid_v4\arkanoid\Debug\link.5488-cvtres.write.1.tlog
C:\Documents and Settings\Alex\Рабочий стол\arkanoid_v4\arkanoid\Debug\link.5492.read.1.tlog
C:\Documents and Settings\Alex\Рабочий стол\arkanoid_v4\arkanoid\Debug\link.5492.write.1.tlog
C:\Documents and Settings\Alex\Рабочий стол\arkanoid_v4\arkanoid\Debug\link.5492-cvtres.read.1.tlog
C:\Documents and Settings\Alex\Рабочий стол\arkanoid_v4\arkanoid\Debug\link.5492-cvtres.write.1.tlog
C:\Documents and Settings\Alex\Рабочий стол\arkanoid_v4\arkanoid\Debug\link.5544.read.1.tlog
C:\Documents and Settings\Alex\Рабочий стол\arkanoid_v4\arkanoid\Debug\link.5544.write.1.tlog
C:\Documents and Settings\Alex\Рабочий стол\arkanoid_v4\arkanoid\Debug\link.5544-cvtres.read.1.tlog
C:\Documents and Settings\Alex\Рабочий стол\arkanoid_v4\arkanoid\Debug\link.5544-cvtres.write.1.tlog
C:\Documents and Settings\Alex\Рабочий стол\arkanoid_v4\arkanoid\Debug\link.5560.read.1.tlog
C:\Documents and Settings\Alex\Рабочий стол\arkanoid_v4\arkanoid\Debug\link.5560.write.1.tlog
C:\Documents and Settings\Alex\Рабочий стол\arkanoid_v4\arkanoid\Debug\link.5560-cvtres.read.1.tlog
C:\Documents and Settings\Alex\Рабочий стол\arkanoid_v4\arkanoid\Debug\link.5560-cvtres.write.1.tlog
C:\Documents and Settings\Alex\Рабочий стол\arkanoid_v4\arkanoid\Debug\link.5580.read.1.tlog
C:\Documents and Settings\Alex\Рабочий стол\arkanoid_v4\arkanoid\Debug\link.5580.write.1.tlog
C:\Documents and Settings\Alex\Рабочий стол\arkanoid_v4\arkanoid\Debug\link.5580-cvtres.read.1.tlog
C:\Documents and Settings\Alex\Рабочий стол\arkanoid_v4\arkanoid\Debug\link.5580-cvtres.write.1.tlog
C:\Documents and Settings\Alex\Рабочий стол\arkanoid_v4\arkanoid\Debug\link.5588.read.1.tlog
C:\Documents and Settings\Alex\Рабочий стол\arkanoid_v4\arkanoid\Debug\link.5588.write.1.tlog
C:\Documents and Settings\Alex\Рабочий стол\arkanoid_v4\arkanoid\Debug\link.5588-cvtres.read.1.tlog
C:\Documents and Settings\Alex\Рабочий стол\arkanoid_v4\arkanoid\Debug\link.5588-cvtres.write.1.tlog
C:\Documents and Settings\Alex\Рабочий стол\arkanoid_v4\arkanoid\Debug\link.5592.read.1.tlog
C:\Documents and Settings\Alex\Рабочий стол\arkanoid_v4\arkanoid\Debug\link.5592.write.1.tlog
C:\Documents and Settings\Alex\Рабочий стол\arkanoid_v4\arkanoid\Debug\link.5592-cvtres.read.1.tlog
C:\Documents and Settings\Alex\Рабочий стол\arkanoid_v4\arkanoid\Debug\link.5592-cvtres.write.1.tlog
C:\Documents and Settings\Alex\Рабочий стол\arkanoid_v4\arkanoid\Debug\link.5616.read.1.tlog
C:\Documents and Settings\Alex\Рабочий стол\arkanoid_v4\arkanoid\Debug\link.5616.write.1.tlog
C:\Documents and Settings\Alex\Рабочий стол\arkanoid_v4\arkanoid\Debug\link.5616-cvtres.read.1.tlog
C:\Documents and Settings\Alex\Рабочий стол\arkanoid_v4\arkanoid\Debug\link.5616-cvtres.write.1.tlog
C:\Documents and Settings\Alex\Рабочий стол\arkanoid_v4\arkanoid\Debug\link.5632.read.1.tlog
C:\Documents and Settings\Alex\Рабочий стол\arkanoid_v4\arkanoid\Debug\link.5632.write.1.tlog
C:\Documents and Settings\Alex\Рабочий стол\arkanoid_v4\arkanoid\Debug\link.5632-cvtres.read.1.tlog
C:\Documents and Settings\Alex\Рабочий стол\arkanoid_v4\arkanoid\Debug\link.5632-cvtres.write.1.tlog
C:\Documents and Settings\Alex\Рабочий стол\arkanoid_v4\arkanoid\Debug\link.5644.read.1.tlog
C:\Documents and Settings\Alex\Рабочий стол\arkanoid_v4\arkanoid\Debug\link.5644.write.1.tlog
C:\Documents and Settings\Alex\Рабочий стол\arkanoid_v4\arkanoid\Debug\link.5644-cvtres.read.1.tlog
C:\Documents and Settings\Alex\Рабочий стол\arkanoid_v4\arkanoid\Debug\link.5644-cvtres.write.1.tlog
C:\Documents and Settings\Alex\Рабочий стол\arkanoid_v4\arkanoid\Debug\link.5648.read.1.tlog
C:\Documents and Settings\Alex\Рабочий стол\arkanoid_v4\arkanoid\Debug\link.5648.write.1.tlog
C:\Documents and Settings\Alex\Рабочий стол\arkanoid_v4\arkanoid\Debug\link.5648-cvtres.read.1.tlog
C:\Documents and Settings\Alex\Рабочий стол\arkanoid_v4\arkanoid\Debug\link.5648-cvtres.write.1.tlog
C:\Documents and Settings\Alex\Рабочий стол\arkanoid_v4\arkanoid\Debug\link.5660.read.1.tlog
C:\Documents and Settings\Alex\Рабочий стол\arkanoid_v4\arkanoid\Debug\link.5660.write.1.tlog
C:\Documents and Settings\Alex\Рабочий стол\arkanoid_v4\arkanoid\Debug\link.5660-cvtres.read.1.tlog
C:\Documents and Settings\Alex\Рабочий стол\arkanoid_v4\arkanoid\Debug\link.5660-cvtres.write.1.tlog
C:\Documents and Settings\Alex\Рабочий стол\arkanoid_v4\arkanoid\Debug\link.5664.read.1.tlog
C:\Documents and Settings\Alex\Рабочий стол\arkanoid_v4\arkanoid\Debug\link.5664.write.1.tlog
C:\Documents and Settings\Alex\Рабочий стол\arkanoid_v4\arkanoid\Debug\link.5664-cvtres.read.1.tlog
C:\Documents and Settings\Alex\Рабочий стол\arkanoid_v4\arkanoid\Debug\link.5664-cvtres.write.1.tlog
C:\Documents and Settings\Alex\Рабочий стол\arkanoid_v4\arkanoid\Debug\link.5692.read.1.tlog
C:\Documents and Settings\Alex\Рабочий стол\arkanoid_v4\arkanoid\Debug\link.5692.write.1.tlog
C:\Documents and Settings\Alex\Рабочий стол\arkanoid_v4\arkanoid\Debug\link.5692-cvtres.read.1.tlog
C:\Documents and Settings\Alex\Рабочий стол\arkanoid_v4\arkanoid\Debug\link.5692-cvtres.write.1.tlog
C:\Documents and Settings\Alex\Рабочий стол\arkanoid_v4\arkanoid\Debug\link.5696.read.1.tlog
C:\Documents and Settings\Alex\Рабочий стол\arkanoid_v4\arkanoid\Debug\link.5696.write.1.tlog
C:\Documents and Settings\Alex\Рабочий стол\arkanoid_v4\arkanoid\Debug\link.5696-cvtres.read.1.tlog
C:\Documents and Settings\Alex\Рабочий стол\arkanoid_v4\arkanoid\Debug\link.5696-cvtres.write.1.tlog
C:\Documents and Settings\Alex\Рабочий стол\arkanoid_v4\arkanoid\Debug\link.5704.read.1.tlog
C:\Documents and Settings\Alex\Рабочий стол\arkanoid_v4\arkanoid\Debug\link.5704.write.1.tlog
C:\Documents and Settings\Alex\Рабочий стол\arkanoid_v4\arkanoid\Debug\link.5704-cvtres.read.1.tlog
C:\Documents and Settings\Alex\Рабочий стол\arkanoid_v4\arkanoid\Debug\link.5704-cvtres.write.1.tlog
C:\Documents and Settings\Alex\Рабочий стол\arkanoid_v4\arkanoid\Debug\link.5716.read.1.tlog
C:\Documents and Settings\Alex\Рабочий стол\arkanoid_v4\arkanoid\Debug\link.5716.write.1.tlog
C:\Documents and Settings\Alex\Рабочий стол\arkanoid_v4\arkanoid\Debug\link.5716-cvtres.read.1.tlog
C:\Documents and Settings\Alex\Рабочий стол\arkanoid_v4\arkanoid\Debug\link.5716-cvtres.write.1.tlog
C:\Documents and Settings\Alex\Рабочий стол\arkanoid_v4\arkanoid\Debug\link.5720.read.1.tlog
C:\Documents and Settings\Alex\Рабочий стол\arkanoid_v4\arkanoid\Debug\link.5720.write.1.tlog
C:\Documents and Settings\Alex\Рабочий стол\arkanoid_v4\arkanoid\Debug\link.5720-cvtres.read.1.tlog
C:\Documents and Settings\Alex\Рабочий стол\arkanoid_v4\arkanoid\Debug\link.5720-cvtres.write.1.tlog
C:\Documents and Settings\Alex\Рабочий стол\arkanoid_v4\arkanoid\Debug\link.5728.read.1.tlog
C:\Documents and Settings\Alex\Рабочий стол\arkanoid_v4\arkanoid\Debug\link.5728.write.1.tlog
C:\Documents and Settings\Alex\Рабочий стол\arkanoid_v4\arkanoid\Debug\link.5728-cvtres.read.1.tlog
C:\Documents and Settings\Alex\Рабочий стол\arkanoid_v4\arkanoid\Debug\link.5728-cvtres.write.1.tlog
C:\Documents and Settings\Alex\Рабочий стол\arkanoid_v4\arkanoid\Debug\link.5732.read.1.tlog
C:\Documents and Settings\Alex\Рабочий стол\arkanoid_v4\arkanoid\Debug\link.5732.write.1.tlog
C:\Documents and Settings\Alex\Рабочий стол\arkanoid_v4\arkanoid\Debug\link.5732-cvtres.read.1.tlog
C:\Documents and Settings\Alex\Рабочий стол\arkanoid_v4\arkanoid\Debug\link.5732-cvtres.write.1.tlog
C:\Documents and Settings\Alex\Рабочий стол\arkanoid_v4\arkanoid\Debug\link.5756.read.1.tlog
C:\Documents and Settings\Alex\Рабочий стол\arkanoid_v4\arkanoid\Debug\link.5756.write.1.tlog
C:\Documents and Settings\Alex\Рабочий стол\arkanoid_v4\arkanoid\Debug\link.5756-cvtres.read.1.tlog
C:\Documents and Settings\Alex\Рабочий стол\arkanoid_v4\arkanoid\Debug\link.5756-cvtres.write.1.tlog
C:\Documents and Settings\Alex\Рабочий стол\arkanoid_v4\arkanoid\Debug\link.576.read.1.tlog
C:\Documents and Settings\Alex\Рабочий стол\arkanoid_v4\arkanoid\Debug\link.576.write.1.tlog
C:\Documents and Settings\Alex\Рабочий стол\arkanoid_v4\arkanoid\Debug\link.576-cvtres.read.1.tlog
C:\Documents and Settings\Alex\Рабочий стол\arkanoid_v4\arkanoid\Debug\link.576-cvtres.write.1.tlog
C:\Documents and Settings\Alex\Рабочий стол\arkanoid_v4\arkanoid\Debug\link.5784.read.1.tlog
C:\Documents and Settings\Alex\Рабочий стол\arkanoid_v4\arkanoid\Debug\link.5784.write.1.tlog
C:\Documents and Settings\Alex\Рабочий стол\arkanoid_v4\arkanoid\Debug\link.5784-cvtres.read.1.tlog
C:\Documents and Settings\Alex\Рабочий стол\arkanoid_v4\arkanoid\Debug\link.5784-cvtres.write.1.tlog
C:\Documents and Settings\Alex\Рабочий стол\arkanoid_v4\arkanoid\Debug\link.5812.read.1.tlog
C:\Documents and Settings\Alex\Рабочий стол\arkanoid_v4\arkanoid\Debug\link.5812.write.1.tlog
C:\Documents and Settings\Alex\Рабочий стол\arkanoid_v4\arkanoid\Debug\link.5812-cvtres.read.1.tlog
C:\Documents and Settings\Alex\Рабочий стол\arkanoid_v4\arkanoid\Debug\link.5812-cvtres.write.1.tlog
C:\Documents and Settings\Alex\Рабочий стол\arkanoid_v4\arkanoid\Debug\link.5852.read.1.tlog
C:\Documents and Settings\Alex\Рабочий стол\arkanoid_v4\arkanoid\Debug\link.5852.write.1.tlog
C:\Documents and Settings\Alex\Рабочий стол\arkanoid_v4\arkanoid\Debug\link.5852-cvtres.read.1.tlog
C:\Documents and Settings\Alex\Рабочий стол\arkanoid_v4\arkanoid\Debug\link.5852-cvtres.write.1.tlog
C:\Documents and Settings\Alex\Рабочий стол\arkanoid_v4\arkanoid\Debug\link.5868.read.1.tlog
C:\Documents and Settings\Alex\Рабочий стол\arkanoid_v4\arkanoid\Debug\link.5868.write.1.tlog
C:\Documents and Settings\Alex\Рабочий стол\arkanoid_v4\arkanoid\Debug\link.5868-cvtres.read.1.tlog
C:\Documents and Settings\Alex\Рабочий стол\arkanoid_v4\arkanoid\Debug\link.5868-cvtres.write.1.tlog
C:\Documents and Settings\Alex\Рабочий стол\arkanoid_v4\arkanoid\Debug\link.5896.read.1.tlog
C:\Documents and Settings\Alex\Рабочий стол\arkanoid_v4\arkanoid\Debug\link.5896.write.1.tlog
C:\Documents and Settings\Alex\Рабочий стол\arkanoid_v4\arkanoid\Debug\link.5896-cvtres.read.1.tlog
C:\Documents and Settings\Alex\Рабочий стол\arkanoid_v4\arkanoid\Debug\link.5896-cvtres.write.1.tlog
C:\Documents and Settings\Alex\Рабочий стол\arkanoid_v4\arkanoid\Debug\link.5912.read.1.tlog
C:\Documents and Settings\Alex\Рабочий стол\arkanoid_v4\arkanoid\Debug\link.5912.write.1.tlog
C:\Documents and Settings\Alex\Рабочий стол\arkanoid_v4\arkanoid\Debug\link.5912-cvtres.read.1.tlog
C:\Documents and Settings\Alex\Рабочий стол\arkanoid_v4\arkanoid\Debug\link.5912-cvtres.write.1.tlog
C:\Documents and Settings\Alex\Рабочий стол\arkanoid_v4\arkanoid\Debug\link.5916.read.1.tlog
C:\Documents and Settings\Alex\Рабочий стол\arkanoid_v4\arkanoid\Debug\link.5916.write.1.tlog
C:\Documents and Settings\Alex\Рабочий стол\arkanoid_v4\arkanoid\Debug\link.5916-cvtres.read.1.tlog
C:\Documents and Settings\Alex\Рабочий стол\arkanoid_v4\arkanoid\Debug\link.5916-cvtres.write.1.tlog
C:\Documents and Settings\Alex\Рабочий стол\arkanoid_v4\arkanoid\Debug\link.5920.read.1.tlog
C:\Documents and Settings\Alex\Рабочий стол\arkanoid_v4\arkanoid\Debug\link.5920.write.1.tlog
C:\Documents and Settings\Alex\Рабочий стол\arkanoid_v4\arkanoid\Debug\link.5920-cvtres.read.1.tlog
C:\Documents and Settings\Alex\Рабочий стол\arkanoid_v4\arkanoid\Debug\link.5920-cvtres.write.1.tlog
C:\Documents and Settings\Alex\Рабочий стол\arkanoid_v4\arkanoid\Debug\link.5936.read.1.tlog
C:\Documents and Settings\Alex\Рабочий стол\arkanoid_v4\arkanoid\Debug\link.5936.write.1.tlog
C:\Documents and Settings\Alex\Рабочий стол\arkanoid_v4\arkanoid\Debug\link.5936-cvtres.read.1.tlog
C:\Documents and Settings\Alex\Рабочий стол\arkanoid_v4\arkanoid\Debug\link.5936-cvtres.write.1.tlog
C:\Documents and Settings\Alex\Рабочий стол\arkanoid_v4\arkanoid\Debug\link.5952.read.1.tlog
C:\Documents and Settings\Alex\Рабочий стол\arkanoid_v4\arkanoid\Debug\link.5952.write.1.tlog
C:\Documents and Settings\Alex\Рабочий стол\arkanoid_v4\arkanoid\Debug\link.5952-cvtres.read.1.tlog
C:\Documents and Settings\Alex\Рабочий стол\arkanoid_v4\arkanoid\Debug\link.5952-cvtres.write.1.tlog
C:\Documents and Settings\Alex\Рабочий стол\arkanoid_v4\arkanoid\Debug\link.5960.read.1.tlog
C:\Documents and Settings\Alex\Рабочий стол\arkanoid_v4\arkanoid\Debug\link.5960.write.1.tlog
C:\Documents and Settings\Alex\Рабочий стол\arkanoid_v4\arkanoid\Debug\link.5960-cvtres.read.1.tlog
C:\Documents and Settings\Alex\Рабочий стол\arkanoid_v4\arkanoid\Debug\link.5960-cvtres.write.1.tlog
C:\Documents and Settings\Alex\Рабочий стол\arkanoid_v4\arkanoid\Debug\link.5988.read.1.tlog
C:\Documents and Settings\Alex\Рабочий стол\arkanoid_v4\arkanoid\Debug\link.5988.write.1.tlog
C:\Documents and Settings\Alex\Рабочий стол\arkanoid_v4\arkanoid\Debug\link.5988-cvtres.read.1.tlog
C:\Documents and Settings\Alex\Рабочий стол\arkanoid_v4\arkanoid\Debug\link.5988-cvtres.write.1.tlog
C:\Documents and Settings\Alex\Рабочий стол\arkanoid_v4\arkanoid\Debug\link.6012.read.1.tlog
C:\Documents and Settings\Alex\Рабочий стол\arkanoid_v4\arkanoid\Debug\link.6012.write.1.tlog
C:\Documents and Settings\Alex\Рабочий стол\arkanoid_v4\arkanoid\Debug\link.6012-cvtres.read.1.tlog
C:\Documents and Settings\Alex\Рабочий стол\arkanoid_v4\arkanoid\Debug\link.6012-cvtres.write.1.tlog
C:\Documents and Settings\Alex\Рабочий стол\arkanoid_v4\arkanoid\Debug\link.6048.read.1.tlog
C:\Documents and Settings\Alex\Рабочий стол\arkanoid_v4\arkanoid\Debug\link.6048.write.1.tlog
C:\Documents and Settings\Alex\Рабочий стол\arkanoid_v4\arkanoid\Debug\link.6048-cvtres.read.1.tlog
C:\Documents and Settings\Alex\Рабочий стол\arkanoid_v4\arkanoid\Debug\link.6048-cvtres.write.1.tlog
C:\Documents and Settings\Alex\Рабочий стол\arkanoid_v4\arkanoid\Debug\link.6052.read.1.tlog
C:\Documents and Settings\Alex\Рабочий стол\arkanoid_v4\arkanoid\Debug\link.6052.write.1.tlog
C:\Documents and Settings\Alex\Рабочий стол\arkanoid_v4\arkanoid\Debug\link.6052-cvtres.read.1.tlog
C:\Documents and Settings\Alex\Рабочий стол\arkanoid_v4\arkanoid\Debug\link.6052-cvtres.write.1.tlog
C:\Documents and Settings\Alex\Рабочий стол\arkanoid_v4\arkanoid\Debug\link.6060.read.1.tlog
C:\Documents and Settings\Alex\Рабочий стол\arkanoid_v4\arkanoid\Debug\link.6060.write.1.tlog
C:\Documents and Settings\Alex\Рабочий стол\arkanoid_v4\arkanoid\Debug\link.6060-cvtres.read.1.tlog
C:\Documents and Settings\Alex\Рабочий стол\arkanoid_v4\arkanoid\Debug\link.6060-cvtres.write.1.tlog
C:\Documents and Settings\Alex\Рабочий стол\arkanoid_v4\arkanoid\Debug\link.6064.read.1.tlog
C:\Documents and Settings\Alex\Рабочий стол\arkanoid_v4\arkanoid\Debug\link.6064.write.1.tlog
C:\Documents and Settings\Alex\Рабочий стол\arkanoid_v4\arkanoid\Debug\link.6064-cvtres.read.1.tlog
C:\Documents and Settings\Alex\Рабочий стол\arkanoid_v4\arkanoid\Debug\link.6064-cvtres.write.1.tlog
C:\Documents and Settings\Alex\Рабочий стол\arkanoid_v4\arkanoid\Debug\link.6072.read.1.tlog
C:\Documents and Settings\Alex\Рабочий стол\arkanoid_v4\arkanoid\Debug\link.6072.write.1.tlog
C:\Documents and Settings\Alex\Рабочий стол\arkanoid_v4\arkanoid\Debug\link.6072-cvtres.read.1.tlog
C:\Documents and Settings\Alex\Рабочий стол\arkanoid_v4\arkanoid\Debug\link.6072-cvtres.write.1.tlog
C:\Documents and Settings\Alex\Рабочий стол\arkanoid_v4\arkanoid\Debug\link.608.read.1.tlog
C:\Documents and Settings\Alex\Рабочий стол\arkanoid_v4\arkanoid\Debug\link.608.write.1.tlog
C:\Documents and Settings\Alex\Рабочий стол\arkanoid_v4\arkanoid\Debug\link.608-cvtres.read.1.tlog
C:\Documents and Settings\Alex\Рабочий стол\arkanoid_v4\arkanoid\Debug\link.608-cvtres.write.1.tlog
C:\Documents and Settings\Alex\Рабочий стол\arkanoid_v4\arkanoid\Debug\link.6244.read.1.tlog
C:\Documents and Settings\Alex\Рабочий стол\arkanoid_v4\arkanoid\Debug\link.6244.write.1.tlog
C:\Documents and Settings\Alex\Рабочий стол\arkanoid_v4\arkanoid\Debug\link.6244-cvtres.read.1.tlog
C:\Documents and Settings\Alex\Рабочий стол\arkanoid_v4\arkanoid\Debug\link.6244-cvtres.write.1.tlog
C:\Documents and Settings\Alex\Рабочий стол\arkanoid_v4\arkanoid\Debug\link.6396.read.1.tlog
C:\Documents and Settings\Alex\Рабочий стол\arkanoid_v4\arkanoid\Debug\link.6396.write.1.tlog
C:\Documents and Settings\Alex\Рабочий стол\arkanoid_v4\arkanoid\Debug\link.6396-cvtres.read.1.tlog
C:\Documents and Settings\Alex\Рабочий стол\arkanoid_v4\arkanoid\Debug\link.6396-cvtres.write.1.tlog
C:\Documents and Settings\Alex\Рабочий стол\arkanoid_v4\arkanoid\Debug\link.6668.read.1.tlog
C:\Documents and Settings\Alex\Рабочий стол\arkanoid_v4\arkanoid\Debug\link.6668.write.1.tlog
C:\Documents and Settings\Alex\Рабочий стол\arkanoid_v4\arkanoid\Debug\link.6668-cvtres.read.1.tlog
C:\Documents and Settings\Alex\Рабочий стол\arkanoid_v4\arkanoid\Debug\link.6668-cvtres.write.1.tlog
C:\Documents and Settings\Alex\Рабочий стол\arkanoid_v4\arkanoid\Debug\link.7120.read.1.tlog
C:\Documents and Settings\Alex\Рабочий стол\arkanoid_v4\arkanoid\Debug\link.7120.write.1.tlog
C:\Documents and Settings\Alex\Рабочий стол\arkanoid_v4\arkanoid\Debug\link.7120-cvtres.read.1.tlog
C:\Documents and Settings\Alex\Рабочий стол\arkanoid_v4\arkanoid\Debug\link.7120-cvtres.write.1.tlog
C:\Documents and Settings\Alex\Рабочий стол\arkanoid_v4\arkanoid\Debug\link.7212.read.1.tlog
C:\Documents and Settings\Alex\Рабочий стол\arkanoid_v4\arkanoid\Debug\link.7212.write.1.tlog
C:\Documents and Settings\Alex\Рабочий стол\arkanoid_v4\arkanoid\Debug\link.7212-cvtres.read.1.tlog
C:\Documents and Settings\Alex\Рабочий стол\arkanoid_v4\arkanoid\Debug\link.7212-cvtres.write.1.tlog
C:\Documents and Settings\Alex\Рабочий стол\arkanoid_v4\arkanoid\Debug\link.728.read.1.tlog
C:\Documents and Settings\Alex\Рабочий стол\arkanoid_v4\arkanoid\Debug\link.728.write.1.tlog
C:\Documents and Settings\Alex\Рабочий стол\arkanoid_v4\arkanoid\Debug\link.728-cvtres.read.1.tlog
C:\Documents and Settings\Alex\Рабочий стол\arkanoid_v4\arkanoid\Debug\link.728-cvtres.write.1.tlog
C:\Documents and Settings\Alex\Рабочий стол\arkanoid_v4\arkanoid\Debug\link.7300.read.1.tlog
C:\Documents and Settings\Alex\Рабочий стол\arkanoid_v4\arkanoid\Debug\link.7300.write.1.tlog
C:\Documents and Settings\Alex\Рабочий стол\arkanoid_v4\arkanoid\Debug\link.7300-cvtres.read.1.tlog
C:\Documents and Settings\Alex\Рабочий стол\arkanoid_v4\arkanoid\Debug\link.7300-cvtres.write.1.tlog
C:\Documents and Settings\Alex\Рабочий стол\arkanoid_v4\arkanoid\Debug\link.7652.read.1.tlog
C:\Documents and Settings\Alex\Рабочий стол\arkanoid_v4\arkanoid\Debug\link.7652.write.1.tlog
C:\Documents and Settings\Alex\Рабочий стол\arkanoid_v4\arkanoid\Debug\link.7652-cvtres.read.1.tlog
C:\Documents and Settings\Alex\Рабочий стол\arkanoid_v4\arkanoid\Debug\link.7652-cvtres.write.1.tlog
C:\Documents and Settings\Alex\Рабочий стол\arkanoid_v4\arkanoid\Debug\link.796.read.1.tlog
C:\Documents and Settings\Alex\Рабочий стол\arkanoid_v4\arkanoid\Debug\link.796.write.1.tlog
C:\Documents and Settings\Alex\Рабочий стол\arkanoid_v4\arkanoid\Debug\link.796-cvtres.read.1.tlog
C:\Documents and Settings\Alex\Рабочий стол\arkanoid_v4\arkanoid\Debug\link.796-cvtres.write.1.tlog
C:\Documents and Settings\Alex\Рабочий стол\arkanoid_v4\arkanoid\Debug\link.8080.read.1.tlog
C:\Documents and Settings\Alex\Рабочий стол\arkanoid_v4\arkanoid\Debug\link.8080.write.1.tlog
C:\Documents and Settings\Alex\Рабочий стол\arkanoid_v4\arkanoid\Debug\link.8080-cvtres.read.1.tlog
C:\Documents and Settings\Alex\Рабочий стол\arkanoid_v4\arkanoid\Debug\link.8080-cvtres.write.1.tlog
C:\Documents and Settings\Alex\Рабочий стол\arkanoid_v4\arkanoid\Debug\link.8456.read.1.tlog
C:\Documents and Settings\Alex\Рабочий стол\arkanoid_v4\arkanoid\Debug\link.8456.write.1.tlog
C:\Documents and Settings\Alex\Рабочий стол\arkanoid_v4\arkanoid\Debug\link.8456-cvtres.read.1.tlog
C:\Documents and Settings\Alex\Рабочий стол\arkanoid_v4\arkanoid\Debug\link.8456-cvtres.write.1.tlog
C:\Documents and Settings\Alex\Рабочий стол\arkanoid_v4\arkanoid\Debug\link.8908.read.1.tlog
C:\Documents and Settings\Alex\Рабочий стол\arkanoid_v4\arkanoid\Debug\link.8908.write.1.tlog
C:\Documents and Settings\Alex\Рабочий стол\arkanoid_v4\arkanoid\Debug\link.8908-cvtres.read.1.tlog
C:\Documents and Settings\Alex\Рабочий стол\arkanoid_v4\arkanoid\Debug\link.8908-cvtres.write.1.tlog
C:\Documents and Settings\Alex\Рабочий стол\arkanoid_v4\arkanoid\Debug\link.900.read.1.tlog
C:\Documents and Settings\Alex\Рабочий стол\arkanoid_v4\arkanoid\Debug\link.900.write.1.tlog
C:\Documents and Settings\Alex\Рабочий стол\arkanoid_v4\arkanoid\Debug\link.900-cvtres.read.1.tlog
C:\Documents and Settings\Alex\Рабочий стол\arkanoid_v4\arkanoid\Debug\link.900-cvtres.write.1.tlog
C:\Documents and Settings\Alex\Рабочий стол\arkanoid_v4\arkanoid\Debug\link.9720.read.1.tlog
C:\Documents and Settings\Alex\Рабочий стол\arkanoid_v4\arkanoid\Debug\link.9720.write.1.tlog
C:\Documents and Settings\Alex\Рабочий стол\arkanoid_v4\arkanoid\Debug\link.9720-cvtres.read.1.tlog
C:\Documents and Settings\Alex\Рабочий стол\arkanoid_v4\arkanoid\Debug\link.9720-cvtres.write.1.tlog
C:\Documents and Settings\Alex\Рабочий стол\arkanoid_v4\arkanoid\Debug\link.command.1.tlog
C:\Documents and Settings\Alex\Рабочий стол\arkanoid_v4\arkanoid\Debug\link.read.1.tlog
C:\Documents and Settings\Alex\Рабочий стол\arkanoid_v4\arkanoid\Debug\link.write.1.tlog
C:\Documents and Settings\Alex\Рабочий стол\arkanoid_v4\arkanoid\Debug\mt.command.1.tlog
C:\Documents and Settings\Alex\Рабочий стол\arkanoid_v4\arkanoid\Debug\mt.read.1.tlog
C:\Documents and Settings\Alex\Рабочий стол\arkanoid_v4\arkanoid\Debug\mt.write.1.tlog
C:\Documents and Settings\Alex\Рабочий стол\arkanoid_v4\arkanoid\Debug\rc.command.1.tlog
C:\Documents and Settings\Alex\Рабочий стол\arkanoid_v4\arkanoid\Debug\rc.read.1.tlog
C:\Documents and Settings\Alex\Рабочий стол\arkanoid_v4\arkanoid\Debug\rc.write.1.tlog
C:\DOCUMENTS AND SETTINGS\ALEX\РАБОЧИЙ СТОЛ\ARKANOID_V4\ARKANOID\DEBUG\RESULT.OBJ
C:\DOCUMENTS AND SETTINGS\ALEX\Рабочий стол\ARKANOID_V4\ARKANOID\DEBUG\STDAFX.OBJ
C:\DOCUMENTS AND SETTINGS\ALEX\Рабочий стол\ARKANOID_V4\ARKANOID\DEBUG\UNAME.OBJ
C:\DOCUMENTS AND SETTINGS\ALEX\РАБОЧИЙ СТОЛ\ARKANOID_V4\ARKANOID\DEBUG\VC100.PDB
C:\DOCUMENTS AND SETTINGS\ALEX\Рабочий стол\ARKANOID_V4\DEBUG\ARKANOID.EXE
C:\DOCUMENTS AND SETTINGS\ALEX\Рабочий стол\ARKANOID_V4\DEBUG\ARKANOID.ILK
C:\DOCUMENTS AND SETTINGS\ALEX\РАБОЧИЙ СТОЛ\ARKANOID_V4\DEBUG\ARKANOID.PDB
C:\USERS\ALEXSEY\DESKTOP\ARKANOID\ARKANOID\DEBUG\.NETFRAMEWORK,VERSION=V4.0.ASSEMBLYATTRIBUTES.OBJ
C:\USERS\ALEXSEY\DESKTOP\ARKANOID\ARKANOID\DEBUG\APP.RES
C:\USERS\ALEXSEY\DESKTOP\ARKANOID\ARKANOID\DEBUG\ARKANOID.EXE.INTERMEDIATE.MANIFEST
C:\USERS\ALEXSEY\DESKTOP\ARKANOID\ARKANOID\DEBUG\ARKANOID.FORM1.RESOURCES
C:\USERS\ALEXSEY\DESKTOP\ARKANOID\ARKANOID\DEBUG\ARKANOID.LEVELSELECT.RESOURCES
C:\USERS\ALEXSEY\DESKTOP\ARKANOID\ARKANOID\DEBUG\ARKANOID.OBJ
C:\USERS\ALEXSEY\DESKTOP\ARKANOID\ARKANOID\DEBUG\ARKANOID.PCH
C:\USERS\ALEXSEY\DESKTOP\ARKANOID\ARKANOID\DEBUG\ASSEMBLYINFO.OBJ
C:\USERS\ALEXSEY\DESKTOP\ARKANOID\ARKANOID\DEBUG\BALL.OBJ
C:\USERS\ALEXSEY\DESKTOP\ARKANOID\ARKANOID\DEBUG\BAT.OBJ
C:\USERS\ALEXSEY\DESKTOP\ARKANOID\ARKANOID\DEBUG\FIELD.OBJ
C:\USERS\ALEXSEY\DESKTOP\ARKANOID\ARKANOID\DEBUG\GAME.OBJ
C:\USERS\ALEXSEY\DESKTOP\ARKANOID\ARKANOID\DEBUG\LEVELSELECT.OBJ
C:\USERS\ALEXSEY\DESKTOP\ARKANOID\ARKANOID\DEBUG\STDAFX.OBJ
C:\USERS\ALEXSEY\DESKTOP\ARKANOID\ARKANOID\DEBUG\VC100.PDB
C:\USERS\ALEXSEY\DESKTOP\ARKANOID\DEBUG\ARKANOID.EXE
C:\USERS\ALEXSEY\DESKTOP\ARKANOID\DEBUG\ARKANOID.ILK
C:\USERS\ALEXSEY\DESKTOP\ARKANOID\DEBUG\ARKANOID.PDB
